2025-07-07 13:04:41.911+07:00 | main | INFO  | Besu | Starting Besu
2025-07-07 13:04:42.157+07:00 | main | WARN  | Besu | Forcing --bonsai-limit-trie-logs-enabled=false, since it cannot be enabled with --sync-mode=FULL and --data-storage-format=BONSAI.
2025-07-07 13:04:42.158+07:00 | main | WARN  | Besu | Permissions are disabled. Cannot enable PERM APIs when not using Permissions.
2025-07-07 13:04:42.158+07:00 | main | INFO  | Besu | Connecting to 0 static nodes.
2025-07-07 13:04:42.163+07:00 | main | WARN  | Besu | Forcing price bump for transaction replacement to 0, since min-gas-price is set to 0
2025-07-07 13:04:42.164+07:00 | main | WARN  | Besu | Forcing tx-pool-min-gas-price=0, since it cannot be greater than the value of min-gas-price
2025-07-07 13:04:42.247+07:00 | main | INFO  | Besu | 
####################################################################################################
#                                                                                                  #
# Besu version besu/v25.4.1/linux-x86_64/oracle-java-21                                            #
#                                                                                                  #
# Configuration:                                                                                   #
# Network: Custom genesis file                                                                     #
# /home/daffa/Documents/tesis-emisi-karbon/QBFT-Network/Node-2/../genesis.json                     #
# Network Id: 1337                                                                                 #
# Data storage: Bonsai                                                                             #
# Sync mode: Full                                                                                  #
# Sync min peers: 5                                                                                #
# RPC HTTP APIs: EEA,WEB3,ETH,NET,TRACE,DEBUG,ADMIN,TXPOOL,PERM,QBFT                               #
# RPC HTTP port: 8546                                                                              #
# Using LAYERED transaction pool implementation                                                    #
# Using STACKED worldstate update mode                                                             #
#                                                                                                  #
# Host:                                                                                            #
# Java: oracle-java-21                                                                             #
# Maximum heap size: 7.80 GB                                                                       #
# OS: linux-x86_64                                                                                 #
# glibc: 2.31                                                                                      #
# jemalloc: 5.2.1-0-gea6b3e973b477b8061e0076bb257dbd7f3faa756                                      #
# Total memory: 31.19 GB                                                                           #
# CPU cores: 12                                                                                    #
#                                                                                                  #
# Plugin Registration Summary:                                                                     #
# No plugins have been registered.                                                                 #
# TOTAL = 0 of 0 plugins successfully registered.                                                  #
#                                                                                                  #
####################################################################################################
2025-07-07 13:04:42.247+07:00 | main | INFO  | Besu | Security Module: localfile
2025-07-07 13:04:42.248+07:00 | main | INFO  | VersionMetadata | Lookup version metadata file in data directory: /home/daffa/Documents/tesis-emisi-karbon/QBFT-Network/Node-2/data
2025-07-07 13:04:42.276+07:00 | main | INFO  | VersionMetadata | Existing version data detected. Besu version besu/v25.4.1/linux-x86_64/oracle-java-21
2025-07-07 13:04:42.299+07:00 | main | INFO  | Besu | Using the native implementation of alt bn128
2025-07-07 13:04:42.315+07:00 | main | INFO  | Besu | Using the native implementation of modexp
2025-07-07 13:04:42.316+07:00 | main | INFO  | Besu | Using the native implementation of the signature algorithm
2025-07-07 13:04:42.317+07:00 | main | INFO  | Besu | Using the native implementation of the blake2bf algorithm
2025-07-07 13:04:42.381+07:00 | main | WARN  | Besu | Forcing price bump for transaction replacement to 0, since min-gas-price is set to 0
2025-07-07 13:04:42.382+07:00 | main | WARN  | Besu | Forcing tx-pool-min-gas-price=0, since it cannot be greater than the value of min-gas-price
2025-07-07 13:04:42.384+07:00 | main | INFO  | KeyPairUtil | Attempting to load public key from /home/daffa/Documents/tesis-emisi-karbon/QBFT-Network/Node-2/data/key
2025-07-07 13:04:42.403+07:00 | main | INFO  | KeyPairUtil | Loaded public key 0xa1c9b206b7fe94de544e9173edce8c3956100dcc896fa5b2f9ca2365f9cf6a9ecf29b895a6174243bc8dbf997c409819a0fae570892bbfbba728a34cde6fadc3 from /home/daffa/Documents/tesis-emisi-karbon/QBFT-Network/Node-2/data/key
2025-07-07 13:04:42.406+07:00 | main | WARN  | Besu | Privacy is disabled. Cannot use EEA/PRIV API methods when not using Privacy.
2025-07-07 13:04:42.514+07:00 | main | INFO  | ProtocolScheduleBuilder | Protocol schedule created with milestones: [Berlin:0]
2025-07-07 13:04:42.516+07:00 | main | INFO  | DatabaseMetadata | Lookup database metadata file in data directory: /home/daffa/Documents/tesis-emisi-karbon/QBFT-Network/Node-2/data
2025-07-07 13:04:42.541+07:00 | main | INFO  | RocksDBKeyValueStorageFactory | Existing database at /home/daffa/Documents/tesis-emisi-karbon/QBFT-Network/Node-2/data. Metadata versionedStorageFormat=BaseVersionedStorageFormat{format=BONSAI, version=3}. Processing WAL...
2025-07-07 13:04:42.943+07:00 | main | INFO  | FlatDbStrategyProvider | Flat db mode found FULL
2025-07-07 13:04:42.946+07:00 | main | INFO  | FlatDbStrategyProvider | DB mode with code stored using code hash enabled = true
2025-07-07 13:04:42.962+07:00 | main | INFO  | FlatDbStrategyProvider | Flat db mode found FULL
2025-07-07 13:04:42.962+07:00 | main | INFO  | FlatDbStrategyProvider | DB mode with code stored using code hash enabled = true
2025-07-07 13:04:43.030+07:00 | main | INFO  | TransactionPoolFactory | Enabling transaction pool
2025-07-07 13:04:43.041+07:00 | main | INFO  | BesuControllerBuilder | QBFT is configured, creating initial sync for BFT
2025-07-07 13:04:43.042+07:00 | main | INFO  | BFTPivotSelectorFromPeers | Creating pivot block selector for BFT node
2025-07-07 13:04:43.068+07:00 | main | INFO  | RunnerBuilder | Resolved 1 bootnodes.
2025-07-07 13:04:43.074+07:00 | main | INFO  | RunnerBuilder | Detecting NAT service.
2025-07-07 13:04:43.167+07:00 | main | INFO  | Runner | Starting external services ... 
2025-07-07 13:04:43.168+07:00 | main | INFO  | JsonRpcHttpService | Starting JSON-RPC service on 0.0.0.0:8546
2025-07-07 13:04:43.241+07:00 | vert.x-eventloop-thread-1 | INFO  | JsonRpcHttpService | JSON-RPC service started and listening on 0.0.0.0:8546
2025-07-07 13:04:43.244+07:00 | main | INFO  | AutoTransactionLogBloomCachingService | Starting auto transaction log bloom caching service.
2025-07-07 13:04:43.245+07:00 | main | INFO  | LogBloomCacheMetadata | Lookup cache metadata file in data directory: /home/daffa/Documents/tesis-emisi-karbon/QBFT-Network/Node-2/data/caches
2025-07-07 13:04:43.255+07:00 | main | INFO  | Runner | Starting Ethereum main loop ... 
2025-07-07 13:04:43.255+07:00 | main | INFO  | NatService | No NAT environment detected so no service could be started
2025-07-07 13:04:43.256+07:00 | main | INFO  | NetworkRunner | Starting Network.
2025-07-07 13:04:43.262+07:00 | nioEventLoopGroup-2-1 | INFO  | RlpxAgent | P2P RLPx agent started and listening on /[0:0:0:0:0:0:0:0]:30304.
2025-07-07 13:04:43.262+07:00 | main | INFO  | PeerDiscoveryAgent | Starting peer discovery agent on host=0.0.0.0, port=30304. IPv6 available.
2025-07-07 13:04:43.270+07:00 | vert.x-eventloop-thread-1 | INFO  | VertxPeerDiscoveryAgent | Started peer discovery agent successfully, on effective host=0:0:0:0:0:0:0:0 and port=30304
2025-07-07 13:04:43.270+07:00 | vert.x-eventloop-thread-1 | INFO  | PeerDiscoveryAgent | P2P peer discovery agent started and listening on /[0:0:0:0:0:0:0:0]:30304
2025-07-07 13:04:43.296+07:00 | vert.x-eventloop-thread-1 | INFO  | PeerDiscoveryAgent | Writing node record to disk. NodeRecord{seq=15, publicKey=0x03a1c9b206b7fe94de544e9173edce8c3956100dcc896fa5b2f9ca2365f9cf6a9e, udpAddress=Optional[/127.0.0.1:30304], tcpAddress=Optional[/127.0.0.1:30304], udp6Address=Optional.empty, tcp6Address=Optional.empty, asBase64=-Je4QGOn7Yt7z05pjMjGDYgbIsZZrZ3-spcdpwwrjJN0vzWxV8-Znu-hcCGnEdRnE1XHd5_ZnRiR1rAQkzviYZbfumQPg2V0aMfGhOVmZW2AgmlkgnY0gmlwhH8AAAGJc2VjcDI1NmsxoQOhybIGt_6U3lROkXPtzow5VhANzIlvpbL5yiNl-c9qnoN0Y3CCdmCDdWRwgnZg, nodeId=0x7078ebc689854b8bcb1f376b7e5b4b4657ae759ab843b8a332f93f8067a48260, customFields={tcp=30304, udp=30304, eth=[[0xe566656d, 0x]], id=V4, ip=0x7f000001, secp256k1=0x03a1c9b206b7fe94de544e9173edce8c3956100dcc896fa5b2f9ca2365f9cf6a9e}}
2025-07-07 13:04:43.313+07:00 | main | INFO  | DefaultP2PNetwork | Enode URL enode://a1c9b206b7fe94de544e9173edce8c3956100dcc896fa5b2f9ca2365f9cf6a9ecf29b895a6174243bc8dbf997c409819a0fae570892bbfbba728a34cde6fadc3@127.0.0.1:30304
2025-07-07 13:04:43.313+07:00 | main | INFO  | DefaultP2PNetwork | Node address 0x7e5b4b4657ae759ab843b8a332f93f8067a48260
2025-07-07 13:04:43.317+07:00 | main | INFO  | NetworkRunner | Supported capabilities: [eth/66, eth/67, eth/68], [istanbul/100], [snap/1]
2025-07-07 13:04:43.318+07:00 | main | INFO  | DefaultSynchronizer | Starting synchronizer.
2025-07-07 13:04:43.319+07:00 | main | INFO  | TransactionPoolFactory | Enabling transaction handling following initial sync
2025-07-07 13:04:43.319+07:00 | main | INFO  | BftMiningCoordinator | Starting BFT mining coordinator following initial sync
2025-07-07 13:04:44.380+07:00 | main | INFO  | FullSyncDownloader | Starting full sync.
2025-07-07 13:04:44.382+07:00 | main | INFO  | Runner | Ethereum main loop is up.
2025-07-07 13:05:14.388+07:00 | BftProcessorExecutor-QBFT-0 | INFO  | RoundTimer | Moved to round 2 which will expire in 40 seconds
2025-07-07 13:05:14.389+07:00 | BftProcessorExecutor-QBFT-0 | INFO  | RoundChangeManager | BFT round summary (quorum = 3)
2025-07-07 13:05:14.390+07:00 | BftProcessorExecutor-QBFT-0 | INFO  | RoundChangeManager | Address: 0x7e5b4b4657ae759ab843b8a332f93f8067a48260  Round: 2 (Local node)
2025-07-07 13:05:14.390+07:00 | BftProcessorExecutor-QBFT-0 | INFO  | RoundChangeManager | Address: 0xa5e9b69ec4ce091e1bc583c4bd6e4ff65cdfd7d1  Round: 1 
2025-07-07 13:05:14.390+07:00 | BftProcessorExecutor-QBFT-0 | INFO  | RoundChangeManager | Address: 0x38cc418cd71e170ac7f547f5b3a2dc062917f207  Round: 2 
2025-07-07 13:05:15.242+07:00 | BftProcessorExecutor-QBFT-0 | INFO  | RoundChangeManager | BFT round summary (quorum = 3)
2025-07-07 13:05:15.243+07:00 | BftProcessorExecutor-QBFT-0 | INFO  | RoundChangeManager | Address: 0xd7b5ba373667583f51beec4e335cfada9b7d2d57  Round: 1 
2025-07-07 13:05:15.243+07:00 | BftProcessorExecutor-QBFT-0 | INFO  | RoundChangeManager | Address: 0x7e5b4b4657ae759ab843b8a332f93f8067a48260  Round: 2 (Local node)
2025-07-07 13:05:15.243+07:00 | BftProcessorExecutor-QBFT-0 | INFO  | RoundChangeManager | Address: 0xa5e9b69ec4ce091e1bc583c4bd6e4ff65cdfd7d1  Round: 1 
2025-07-07 13:05:15.243+07:00 | BftProcessorExecutor-QBFT-0 | INFO  | RoundChangeManager | Address: 0x38cc418cd71e170ac7f547f5b3a2dc062917f207  Round: 2 
2025-07-07 13:05:25.136+07:00 | BftProcessorExecutor-QBFT-0 | INFO  | RoundChangeManager | BFT round summary (quorum = 3)
2025-07-07 13:05:25.136+07:00 | BftProcessorExecutor-QBFT-0 | INFO  | RoundChangeManager | Address: 0xd7b5ba373667583f51beec4e335cfada9b7d2d57  Round: 1 
2025-07-07 13:05:25.137+07:00 | BftProcessorExecutor-QBFT-0 | INFO  | RoundChangeManager | Address: 0x7e5b4b4657ae759ab843b8a332f93f8067a48260  Round: 2 (Local node)
2025-07-07 13:05:25.138+07:00 | BftProcessorExecutor-QBFT-0 | INFO  | RoundChangeManager | Address: 0xa5e9b69ec4ce091e1bc583c4bd6e4ff65cdfd7d1  Round: 2 
2025-07-07 13:05:25.138+07:00 | BftProcessorExecutor-QBFT-0 | INFO  | RoundChangeManager | Address: 0x38cc418cd71e170ac7f547f5b3a2dc062917f207  Round: 2 
2025-07-07 13:05:25.226+07:00 | BftProcessorExecutor-QBFT-0 | INFO  | QbftRound | Importing proposed block to chain. round=ConsensusRoundIdentifier{Sequence=21523, Round=2}, hash=0xfd1ca1aa32dd62c77e5a244d2194bc5a34465d06b6ac515f5cb1c384fe8e2898
2025-07-07 13:05:25.288+07:00 | BftProcessorExecutor-QBFT-0 | INFO  | QbftBesuControllerBuilder | Imported empty block #21,523 / 0 tx / 0 pending / 0 (0.0%) gas / (0xfd1ca1aa32dd62c77e5a244d2194bc5a34465d06b6ac515f5cb1c384fe8e2898)
2025-07-07 13:05:30.085+07:00 | BftProcessorExecutor-QBFT-0 | INFO  | QbftBesuControllerBuilder | Produced empty block #21,524 / 0 tx / 0 pending / 0 (0.0%) gas / (0xe7960d0cae26329963687d2f19a464523e95476f8d100899d3467cb1ede3129b)
2025-07-07 13:05:35.082+07:00 | EthScheduler-Workers-0 | INFO  | PersistBlockTask | Imported empty block #21,525 / 0 tx / 0 om / 0 (0.0%) gas / (0x4cf7d4a0d58b36ae361610104c040919c60f30eaee9b7dfd252120016033f998) in 0.000s. Peers: 3
2025-07-07 13:05:40.036+07:00 | BftProcessorExecutor-QBFT-0 | INFO  | QbftBesuControllerBuilder | Imported empty block #21,526 / 0 tx / 0 pending / 0 (0.0%) gas / (0x60265992145998d6cea610e3146bacfc42a0791d55a7ffcc1b14bf44d779e4e9)
2025-07-07 13:05:45.054+07:00 | BftProcessorExecutor-QBFT-0 | INFO  | QbftBesuControllerBuilder | Imported empty block #21,527 / 0 tx / 0 pending / 0 (0.0%) gas / (0x9b7f6731d1aa621128f45298b9fdbdb71e8b1f4da10eefc8117974627f79ca4b)
2025-07-07 13:05:50.027+07:00 | BftProcessorExecutor-QBFT-0 | INFO  | QbftBesuControllerBuilder | Produced empty block #21,528 / 0 tx / 0 pending / 0 (0.0%) gas / (0x54c45c9938bd0f2233858c87c34977c0a791f40742bd4bfea4645ee96bd47ce4)
2025-07-07 13:05:55.025+07:00 | BftProcessorExecutor-QBFT-0 | INFO  | QbftBesuControllerBuilder | Imported empty block #21,529 / 0 tx / 0 pending / 0 (0.0%) gas / (0x0c90e49455bec0108edec0e5541d038311c4df6fccc355cf1380686b438ce662)
2025-07-07 13:06:00.025+07:00 | BftProcessorExecutor-QBFT-0 | INFO  | QbftBesuControllerBuilder | Imported empty block #21,530 / 0 tx / 0 pending / 0 (0.0%) gas / (0x013bce724437c66b222da0a8c014636246f1f7673ad6063d5bf9ff24ed95b167)
2025-07-07 13:06:05.043+07:00 | BftProcessorExecutor-QBFT-0 | INFO  | QbftBesuControllerBuilder | Imported empty block #21,531 / 0 tx / 0 pending / 0 (0.0%) gas / (0x4959ebc1d54df4b61fb99bdd234a29dbd8906ab9473747a337d85b9d96718263)
2025-07-07 13:06:10.030+07:00 | BftProcessorExecutor-QBFT-0 | INFO  | QbftBesuControllerBuilder | Produced empty block #21,532 / 0 tx / 0 pending / 0 (0.0%) gas / (0x5a7ecec997d7b0b5bfd3203e1dc98669ae71ade03c2c03936099d09c4775c34f)
2025-07-07 13:06:15.065+07:00 | BftProcessorExecutor-QBFT-0 | INFO  | QbftBesuControllerBuilder | Imported empty block #21,533 / 0 tx / 0 pending / 0 (0.0%) gas / (0x5e629a87b02db2de2d48d447ccff7b63f5e2e77ca0051873f46c986f5d38094a)
2025-07-07 13:06:20.030+07:00 | EthScheduler-Workers-0 | INFO  | PersistBlockTask | Imported empty block #21,534 / 0 tx / 0 om / 0 (0.0%) gas / (0x086105de795d54865f5b8cc3ed45296d5b46dfdac2cc707bb8bfeca90ac2643a) in 0.000s. Peers: 3
2025-07-07 13:06:20.041+07:00 | BftProcessorExecutor-QBFT-0 | INFO  | QbftBesuControllerBuilder | Imported empty block #21,534 / 0 tx / 0 pending / 0 (0.0%) gas / (0x086105de795d54865f5b8cc3ed45296d5b46dfdac2cc707bb8bfeca90ac2643a)
2025-07-07 13:06:25.021+07:00 | BftProcessorExecutor-QBFT-0 | INFO  | QbftBesuControllerBuilder | Imported empty block #21,535 / 0 tx / 0 pending / 0 (0.0%) gas / (0x266f5ff8a43b2bd402f3ca246fa2173efd75584b65fcaff2d55adc640e91a765)
2025-07-07 13:06:30.045+07:00 | BftProcessorExecutor-QBFT-0 | INFO  | QbftBesuControllerBuilder | Produced empty block #21,536 / 0 tx / 0 pending / 0 (0.0%) gas / (0xe867c8a214fa2dd17a28698b7cd714f09373b17813430c4f02356ad9c5bfa586)
2025-07-07 13:06:35.050+07:00 | BftProcessorExecutor-QBFT-0 | INFO  | QbftBesuControllerBuilder | Imported empty block #21,537 / 0 tx / 0 pending / 0 (0.0%) gas / (0xed650cb3cc4e3bc101ffc65aaa7255b770ac2f7d3c888b6d8cc8db20d1460bdd)
2025-07-07 13:06:35.050+07:00 | EthScheduler-Workers-0 | INFO  | PersistBlockTask | Block 21537 (0xed650cb3cc4e3bc101ffc65aaa7255b770ac2f7d3c888b6d8cc8db20d1460bdd) is already imported
2025-07-07 13:06:40.045+07:00 | BftProcessorExecutor-QBFT-0 | INFO  | QbftBesuControllerBuilder | Imported empty block #21,538 / 0 tx / 0 pending / 0 (0.0%) gas / (0x181a05d03f3ed6d42198e5ea74ce1a4f7e398c726c35c22ae9a978ca42d16826)
2025-07-07 13:06:45.057+07:00 | BftProcessorExecutor-QBFT-0 | INFO  | QbftBesuControllerBuilder | Imported empty block #21,539 / 0 tx / 0 pending / 0 (0.0%) gas / (0xf99bf9cbe293650e2d9feeb0d8272a96f4a0c60c3faef9e3412e165292299f78)
2025-07-07 13:06:50.028+07:00 | BftProcessorExecutor-QBFT-0 | INFO  | QbftBesuControllerBuilder | Produced empty block #21,540 / 0 tx / 0 pending / 0 (0.0%) gas / (0x6e4c2a4f6f0173f42bb8d1c7446f0164a638d0644bd4459859264c2e103826a7)
2025-07-07 13:06:55.046+07:00 | BftProcessorExecutor-QBFT-0 | INFO  | QbftBesuControllerBuilder | Imported empty block #21,541 / 0 tx / 0 pending / 0 (0.0%) gas / (0x89e529e766cddb796e26af4fe1c356b5fe91755a85480646a6cf538ab45114e4)
2025-07-07 13:07:00.026+07:00 | BftProcessorExecutor-QBFT-0 | INFO  | QbftBesuControllerBuilder | Imported empty block #21,542 / 0 tx / 0 pending / 0 (0.0%) gas / (0x95ed4e546acc22c71af7580a0221f6540a61a2e293f4cd41d3935029e344d815)
2025-07-07 13:07:05.043+07:00 | BftProcessorExecutor-QBFT-0 | INFO  | QbftBesuControllerBuilder | Imported empty block #21,543 / 0 tx / 0 pending / 0 (0.0%) gas / (0xaae74557951826e00df59f5ba3ef9d1aaaf5b39e56fe219f28e499a36e034454)
2025-07-07 13:07:10.022+07:00 | EthScheduler-Workers-0 | INFO  | PersistBlockTask | Block 21544 (0x262980bea9cd825b7cd293bdf151e33e8a982419349c572ce78f2f3bc764c8fd) is already imported
2025-07-07 13:07:10.022+07:00 | BftProcessorExecutor-QBFT-0 | INFO  | QbftBesuControllerBuilder | Produced empty block #21,544 / 0 tx / 0 pending / 0 (0.0%) gas / (0x262980bea9cd825b7cd293bdf151e33e8a982419349c572ce78f2f3bc764c8fd)
2025-07-07 13:07:15.015+07:00 | BftProcessorExecutor-QBFT-0 | INFO  | QbftBesuControllerBuilder | Imported empty block #21,545 / 0 tx / 0 pending / 0 (0.0%) gas / (0xf64f1f63484d8f842a96f98b1e9e64844a6f2e37f32602f124f520f3389a9b9c)
2025-07-07 13:07:20.017+07:00 | BftProcessorExecutor-QBFT-0 | INFO  | QbftBesuControllerBuilder | Imported empty block #21,546 / 0 tx / 0 pending / 0 (0.0%) gas / (0xf965252a2d0ed4fc68eb884403c5c97b6c963287646bfc9ffc66947a19a4e441)
2025-07-07 13:07:25.020+07:00 | BftProcessorExecutor-QBFT-0 | INFO  | QbftBesuControllerBuilder | Imported empty block #21,547 / 0 tx / 0 pending / 0 (0.0%) gas / (0xb2e688eac3679db6ac0015a6f3361f0787c48741e3e394886054b15b8c294d4f)
2025-07-07 13:07:30.032+07:00 | BftProcessorExecutor-QBFT-0 | INFO  | QbftBesuControllerBuilder | Produced empty block #21,548 / 0 tx / 0 pending / 0 (0.0%) gas / (0xc73104826cb51a8eade9e281898fd4419955263abd7b30e20f34beed407a8420)
2025-07-07 13:07:35.023+07:00 | EthScheduler-Workers-0 | INFO  | PersistBlockTask | Imported empty block #21,549 / 0 tx / 0 om / 0 (0.0%) gas / (0x1ca8a98689d75928abb0c532717d87b5ef02f04b9ac3e7b8b07bf879c7a03fb7) in 0.000s. Peers: 3
2025-07-07 13:07:40.032+07:00 | BftProcessorExecutor-QBFT-0 | INFO  | QbftBesuControllerBuilder | Imported empty block #21,550 / 0 tx / 0 pending / 0 (0.0%) gas / (0xf8b1533a31161c2d325b7dd676d7f76d172163591020273db75872e1d7a94068)
2025-07-07 13:07:45.032+07:00 | BftProcessorExecutor-QBFT-0 | INFO  | QbftBesuControllerBuilder | Imported empty block #21,551 / 0 tx / 0 pending / 0 (0.0%) gas / (0xbe3c9a059b8270eef3e5b038bac2f750c038a05e9b358c7473b8c8af4941600a)
2025-07-07 13:07:50.017+07:00 | BftProcessorExecutor-QBFT-0 | INFO  | QbftBesuControllerBuilder | Produced empty block #21,552 / 0 tx / 0 pending / 0 (0.0%) gas / (0xd0846e02929b00d535a6f4d8dcda7b155c7fc26c4e1ebb70fb5fc1523b35bd81)
2025-07-07 13:07:55.039+07:00 | BftProcessorExecutor-QBFT-0 | INFO  | QbftBesuControllerBuilder | Imported empty block #21,553 / 0 tx / 0 pending / 0 (0.0%) gas / (0xb4cf8fc92f43b7140b92aa4fbe3e0377eeaca11e1e6173316e459d43de93e649)
2025-07-07 13:08:00.017+07:00 | BftProcessorExecutor-QBFT-0 | INFO  | QbftBesuControllerBuilder | Imported empty block #21,554 / 0 tx / 0 pending / 0 (0.0%) gas / (0xc0e7ab38deef24fc6656830f84d7a8fe6997d7faae808f0147ac7efbd1c16bb7)
2025-07-07 13:08:05.031+07:00 | BftProcessorExecutor-QBFT-0 | INFO  | QbftBesuControllerBuilder | Imported empty block #21,555 / 0 tx / 0 pending / 0 (0.0%) gas / (0x2d4c1ae7178ce2fd26021bbce16848b6589782ec7a08bb61ec403752dfc23ee6)
2025-07-07 13:08:10.015+07:00 | BftProcessorExecutor-QBFT-0 | INFO  | QbftBesuControllerBuilder | Produced empty block #21,556 / 0 tx / 0 pending / 0 (0.0%) gas / (0xdc3e42e079fa71f4670f67dcbd10fcfdb1005810a4d2e7935a1e35ce6c3b8ebc)
2025-07-07 13:08:15.033+07:00 | BftProcessorExecutor-QBFT-0 | INFO  | QbftBesuControllerBuilder | Imported empty block #21,557 / 0 tx / 0 pending / 0 (0.0%) gas / (0xf620f4eba91f53e7af3022210e2684023452925b42a59f2e845af7339692820e)
2025-07-07 13:08:20.012+07:00 | BftProcessorExecutor-QBFT-0 | INFO  | QbftBesuControllerBuilder | Imported empty block #21,558 / 0 tx / 0 pending / 0 (0.0%) gas / (0xa4ab3d0350d39142348a458169d2d6e8ae0fc3401cdf3538558a6d8bbe9da430)
2025-07-07 13:08:25.014+07:00 | BftProcessorExecutor-QBFT-0 | INFO  | QbftBesuControllerBuilder | Imported empty block #21,559 / 0 tx / 0 pending / 0 (0.0%) gas / (0x6771637fc4064e036acd2b2be16ec38ce544acb9bd9a0b7c72f61ad554196809)
2025-07-07 13:08:30.017+07:00 | BftProcessorExecutor-QBFT-0 | INFO  | QbftBesuControllerBuilder | Produced empty block #21,560 / 0 tx / 0 pending / 0 (0.0%) gas / (0x64954e0562b3a828e6803b38f9fc54626063110df7f7c64a17f981fec15c1e64)
2025-07-07 13:08:35.015+07:00 | BftProcessorExecutor-QBFT-0 | INFO  | QbftBesuControllerBuilder | Imported empty block #21,561 / 0 tx / 0 pending / 0 (0.0%) gas / (0xc8c73f1403fb221041b8dffbdddc8eedd468bad80f055b6f01a143247003daa8)
2025-07-07 13:08:40.016+07:00 | BftProcessorExecutor-QBFT-0 | INFO  | QbftBesuControllerBuilder | Imported empty block #21,562 / 0 tx / 0 pending / 0 (0.0%) gas / (0xc4b5addfa78de4b7cf8290f069ab8479b139cd43e50b55d293406cfaf40317c4)
2025-07-07 13:08:45.012+07:00 | BftProcessorExecutor-QBFT-0 | INFO  | QbftBesuControllerBuilder | Imported empty block #21,563 / 0 tx / 0 pending / 0 (0.0%) gas / (0x0bd0ebbf50a072ecc2998838c142ad8f186fe81704c87c94e1288d706c995cb8)
2025-07-07 13:08:50.014+07:00 | BftProcessorExecutor-QBFT-0 | INFO  | QbftBesuControllerBuilder | Produced empty block #21,564 / 0 tx / 0 pending / 0 (0.0%) gas / (0x9ce9b3697b2c4bfcf00ff49d4419026343edc253fd0f7da42b1123a9272ae144)
2025-07-07 13:08:55.014+07:00 | BftProcessorExecutor-QBFT-0 | INFO  | QbftBesuControllerBuilder | Imported empty block #21,565 / 0 tx / 0 pending / 0 (0.0%) gas / (0x8a939f5157b0c3d4c809a5850fa4c925ab658820682ccb29ace5e5e8774e5250)
2025-07-07 13:09:00.017+07:00 | BftProcessorExecutor-QBFT-0 | INFO  | QbftBesuControllerBuilder | Imported empty block #21,566 / 0 tx / 0 pending / 0 (0.0%) gas / (0xd8aa8036009226fbdf71238107009351c27529d64201eb360d9a0758fd52cdd3)
2025-07-07 13:09:05.021+07:00 | EthScheduler-Workers-0 | INFO  | PersistBlockTask | Imported empty block #21,567 / 0 tx / 0 om / 0 (0.0%) gas / (0x302775c4f9df48a1ccf33b91a12338acbbe64cc9fab019c7cbc5273f35d00920) in 0.000s. Peers: 3
2025-07-07 13:09:05.021+07:00 | BftProcessorExecutor-QBFT-0 | INFO  | QbftBesuControllerBuilder | Imported empty block #21,567 / 0 tx / 0 pending / 0 (0.0%) gas / (0x302775c4f9df48a1ccf33b91a12338acbbe64cc9fab019c7cbc5273f35d00920)
2025-07-07 13:09:10.046+07:00 | BftProcessorExecutor-QBFT-0 | INFO  | QbftBesuControllerBuilder | Produced empty block #21,568 / 0 tx / 0 pending / 0 (0.0%) gas / (0x03221645769ace518a8baa35351112b177152222d44ac0079772519f6ba6daee)
2025-07-07 13:09:15.035+07:00 | BftProcessorExecutor-QBFT-0 | INFO  | QbftBesuControllerBuilder | Imported empty block #21,569 / 0 tx / 0 pending / 0 (0.0%) gas / (0x3f37ba1c2c34f6e6b7f939c8755459291293c65fbe7d518f55255e6ebd29af13)
2025-07-07 13:09:20.015+07:00 | BftProcessorExecutor-QBFT-0 | INFO  | QbftBesuControllerBuilder | Imported empty block #21,570 / 0 tx / 0 pending / 0 (0.0%) gas / (0x1505a76df00877ed9626e7994811049717473c263da0b96f50f2bf4b1fa0f493)
2025-07-07 13:09:25.012+07:00 | BftProcessorExecutor-QBFT-0 | INFO  | QbftBesuControllerBuilder | Imported empty block #21,571 / 0 tx / 0 pending / 0 (0.0%) gas / (0x642440e6b4a7bdff975afcd45f3af765a998d4cfd8ddf7a1a9d830064a1f4131)
2025-07-07 13:09:30.012+07:00 | BftProcessorExecutor-QBFT-0 | INFO  | QbftBesuControllerBuilder | Produced empty block #21,572 / 0 tx / 0 pending / 0 (0.0%) gas / (0x71482555525038f771a765743f49c4a3ce5fe7bf30a545b2eab0e101fa9c8c81)
2025-07-07 13:09:35.012+07:00 | BftProcessorExecutor-QBFT-0 | INFO  | QbftBesuControllerBuilder | Imported empty block #21,573 / 0 tx / 0 pending / 0 (0.0%) gas / (0x9fc1bab61e9f3fb3dc03f99bb8615af746a3319f70ee70f82c1e0e85decf1969)
2025-07-07 13:09:40.013+07:00 | BftProcessorExecutor-QBFT-0 | INFO  | QbftBesuControllerBuilder | Imported empty block #21,574 / 0 tx / 0 pending / 0 (0.0%) gas / (0x7c34cd8d4b7ae835b5e05d34d6574a277dbd49fd0303118ddb1dc573a5087100)
2025-07-07 13:09:45.012+07:00 | BftProcessorExecutor-QBFT-0 | INFO  | QbftBesuControllerBuilder | Imported empty block #21,575 / 0 tx / 0 pending / 0 (0.0%) gas / (0x617e5668ed7653c9fe9d1c987d3686c6813d280411e9850f3a90166dceac0f0f)
2025-07-07 13:09:50.032+07:00 | BftProcessorExecutor-QBFT-0 | INFO  | QbftBesuControllerBuilder | Produced empty block #21,576 / 0 tx / 0 pending / 0 (0.0%) gas / (0x609f2072f60c9420561de018fa636bbc1a34990ffd18548989ba5a797eb72325)
2025-07-07 13:09:55.013+07:00 | BftProcessorExecutor-QBFT-0 | INFO  | QbftBesuControllerBuilder | Imported empty block #21,577 / 0 tx / 0 pending / 0 (0.0%) gas / (0x91d68c6bd740eb69d19a49bdf32cc38774efff1c75960cfd7989dc31ccb316eb)
2025-07-07 13:10:00.013+07:00 | BftProcessorExecutor-QBFT-0 | INFO  | QbftBesuControllerBuilder | Imported empty block #21,578 / 0 tx / 0 pending / 0 (0.0%) gas / (0x035052ea2a9d1147b127d056d655943538c805c519e234dff9b1fa2f805c485c)
2025-07-07 13:10:05.015+07:00 | BftProcessorExecutor-QBFT-0 | INFO  | QbftBesuControllerBuilder | Imported empty block #21,579 / 0 tx / 0 pending / 0 (0.0%) gas / (0xc3020bc18fde0f3b4d250076ddc6da6fb065414f2e3962489a814472788243bf)
2025-07-07 13:10:10.044+07:00 | BftProcessorExecutor-QBFT-0 | INFO  | QbftBesuControllerBuilder | Produced empty block #21,580 / 0 tx / 0 pending / 0 (0.0%) gas / (0x27948249b8d42b2f5fe1c94364d0234e62c753383821b281fadc9c152ce5219f)
2025-07-07 13:10:15.012+07:00 | BftProcessorExecutor-QBFT-0 | INFO  | QbftBesuControllerBuilder | Imported empty block #21,581 / 0 tx / 0 pending / 0 (0.0%) gas / (0x6d48a29f3ad09ffd2cadd6296dd868b2308102cbbb6fb156106f8ab7f9a44dc2)
2025-07-07 13:10:20.013+07:00 | BftProcessorExecutor-QBFT-0 | INFO  | QbftBesuControllerBuilder | Imported empty block #21,582 / 0 tx / 0 pending / 0 (0.0%) gas / (0xff8bc15435e03cd120bfd02d5d5378181d742646b0de10df6702f9067725125c)
2025-07-07 13:10:25.015+07:00 | BftProcessorExecutor-QBFT-0 | INFO  | QbftBesuControllerBuilder | Imported empty block #21,583 / 0 tx / 0 pending / 0 (0.0%) gas / (0xa62917fdbea1d87eca2a5e9419db39d93eb08e482c1111fd5408a811601688a5)
2025-07-07 13:10:30.013+07:00 | BftProcessorExecutor-QBFT-0 | INFO  | QbftBesuControllerBuilder | Produced empty block #21,584 / 0 tx / 0 pending / 0 (0.0%) gas / (0xe269f003397f545a228ece5302cdce1879d0d4f4919714ac944069a3bf54ddcb)
2025-07-07 13:10:35.015+07:00 | BftProcessorExecutor-QBFT-0 | INFO  | QbftBesuControllerBuilder | Imported empty block #21,585 / 0 tx / 0 pending / 0 (0.0%) gas / (0x89668e205ed5ab32f1ccdecf25afedeea1a2ddb5ff8128615daa86a26417de0f)
2025-07-07 13:10:40.039+07:00 | BftProcessorExecutor-QBFT-0 | INFO  | QbftBesuControllerBuilder | Imported empty block #21,586 / 0 tx / 0 pending / 0 (0.0%) gas / (0x00f523e1e584e35b33f857d31b2c5237d5cf3b08ea8b10177059638f891c637a)
2025-07-07 13:10:45.017+07:00 | BftProcessorExecutor-QBFT-0 | INFO  | QbftBesuControllerBuilder | Imported empty block #21,587 / 0 tx / 0 pending / 0 (0.0%) gas / (0x999ef0305c6caeb9f92f1661d2fe47e3d191b4d11ce506014376f3c8f00301ab)
2025-07-07 13:10:50.035+07:00 | BftProcessorExecutor-QBFT-0 | INFO  | QbftBesuControllerBuilder | Produced empty block #21,588 / 0 tx / 0 pending / 0 (0.0%) gas / (0xef4b9b6093f3650c1264c301e7c6203f8ddaa3b33caf82084ea013d518294d53)
2025-07-07 13:10:55.035+07:00 | BftProcessorExecutor-QBFT-0 | INFO  | QbftBesuControllerBuilder | Imported empty block #21,589 / 0 tx / 0 pending / 0 (0.0%) gas / (0x07d1ca5431e5125488f6307bf4065f113d2c4e0e1554eb1296ac3e9537f28f30)
2025-07-07 13:11:00.022+07:00 | BftProcessorExecutor-QBFT-0 | INFO  | QbftBesuControllerBuilder | Imported empty block #21,590 / 0 tx / 0 pending / 0 (0.0%) gas / (0x7255c0319899029f7d82d08e55e0f12e516b46e01e315b491d5061558971ccf0)
2025-07-07 13:11:05.032+07:00 | BftProcessorExecutor-QBFT-0 | INFO  | QbftBesuControllerBuilder | Imported empty block #21,591 / 0 tx / 0 pending / 0 (0.0%) gas / (0x2570177d04fc8e3c5b586f35bbdc42402539592e8b7f7b67d87b88d9ca5575a0)
2025-07-07 13:11:10.017+07:00 | BftProcessorExecutor-QBFT-0 | INFO  | QbftBesuControllerBuilder | Produced empty block #21,592 / 0 tx / 0 pending / 0 (0.0%) gas / (0x1e196f953fa51d5abad8f7004f04c2c86c861ba47ef88d882a13d419288e44dc)
2025-07-07 13:11:15.021+07:00 | BftProcessorExecutor-QBFT-0 | INFO  | QbftBesuControllerBuilder | Imported empty block #21,593 / 0 tx / 0 pending / 0 (0.0%) gas / (0x0f6059bb1b6c6738b7d01570938ac20565b06572ce33a8c4d69760c3b69dcb5a)
2025-07-07 13:11:20.033+07:00 | BftProcessorExecutor-QBFT-0 | INFO  | QbftBesuControllerBuilder | Imported empty block #21,594 / 0 tx / 0 pending / 0 (0.0%) gas / (0x8fe57c3f21b9eb9fe9d33df9719e7d2a803c30e7df5080b07154373415c10907)
2025-07-07 13:11:25.030+07:00 | BftProcessorExecutor-QBFT-0 | INFO  | QbftBesuControllerBuilder | Imported empty block #21,595 / 0 tx / 0 pending / 0 (0.0%) gas / (0xcb2c44b5b9e6f8901e77fc68df772ab33ce69c142bceafdec3a3765e431e1289)
2025-07-07 13:11:30.033+07:00 | BftProcessorExecutor-QBFT-0 | INFO  | QbftBesuControllerBuilder | Produced empty block #21,596 / 0 tx / 0 pending / 0 (0.0%) gas / (0x61cbfca93d9c65594f5050c10782f66eb5071502860a7b1486856cb9c16304f5)
2025-07-07 13:11:35.014+07:00 | BftProcessorExecutor-QBFT-0 | INFO  | QbftBesuControllerBuilder | Imported empty block #21,597 / 0 tx / 0 pending / 0 (0.0%) gas / (0xfa4585d880a42fd3908058ea8900c524f7e8f01b9224ba9be7724edd5d267e1d)
2025-07-07 13:11:40.022+07:00 | BftProcessorExecutor-QBFT-0 | INFO  | QbftBesuControllerBuilder | Imported empty block #21,598 / 0 tx / 0 pending / 0 (0.0%) gas / (0x6f3086ef81ff5d6f710a8ef0b61fd57559d8790f10504b496e83076eb006f192)
2025-07-07 13:11:45.010+07:00 | BftProcessorExecutor-QBFT-0 | INFO  | QbftBesuControllerBuilder | Imported empty block #21,599 / 0 tx / 0 pending / 0 (0.0%) gas / (0xd184375e512ac6738fcb174f9c15bcd91562c0b05e8eff16dd8f456a5bbf417e)
2025-07-07 13:11:50.030+07:00 | BftProcessorExecutor-QBFT-0 | INFO  | QbftBesuControllerBuilder | Produced empty block #21,600 / 0 tx / 0 pending / 0 (0.0%) gas / (0xc002a98a5df48cb804027f49f3696d5035fee032a3c1b9f7b5492dc5ca049b60)
2025-07-07 13:11:55.019+07:00 | BftProcessorExecutor-QBFT-0 | INFO  | QbftBesuControllerBuilder | Imported empty block #21,601 / 0 tx / 0 pending / 0 (0.0%) gas / (0x4aa5a76559ae22cea694af20be2b45606106075e0e668f82abb59ff14c558474)
2025-07-07 13:12:00.015+07:00 | BftProcessorExecutor-QBFT-0 | INFO  | QbftBesuControllerBuilder | Imported empty block #21,602 / 0 tx / 0 pending / 0 (0.0%) gas / (0x17f138a0707fea95e524fa296ff29438f1c10a9b4a9a0bfedfbb933fe4dcccf4)
2025-07-07 13:12:05.032+07:00 | BftProcessorExecutor-QBFT-0 | INFO  | QbftBesuControllerBuilder | Imported empty block #21,603 / 0 tx / 0 pending / 0 (0.0%) gas / (0x50f8e1f996d1b79decbf68ea15e987563512c501575c06c5af4217859aed8cad)
2025-07-07 13:12:10.008+07:00 | BftProcessorExecutor-QBFT-0 | INFO  | QbftBesuControllerBuilder | Produced empty block #21,604 / 0 tx / 0 pending / 0 (0.0%) gas / (0x5f8961969056a9a0579604e6e2814f0a8bfb06137078f8625f15ce2bca2a8931)
2025-07-07 13:12:15.025+07:00 | EthScheduler-Workers-0 | INFO  | PersistBlockTask | Block 21605 (0x66d4ef490410b7176189694a6117ad391d4655484d365cf3da1881933d8e2495) is already imported
2025-07-07 13:12:15.026+07:00 | BftProcessorExecutor-QBFT-0 | INFO  | QbftBesuControllerBuilder | Imported empty block #21,605 / 0 tx / 0 pending / 0 (0.0%) gas / (0x66d4ef490410b7176189694a6117ad391d4655484d365cf3da1881933d8e2495)
2025-07-07 13:12:20.013+07:00 | BftProcessorExecutor-QBFT-0 | INFO  | QbftBesuControllerBuilder | Imported empty block #21,606 / 0 tx / 0 pending / 0 (0.0%) gas / (0x994bcaf65b9c9253322006f901f958e1974b7da336d12c9f27679731a2a76140)
2025-07-07 13:12:25.010+07:00 | BftProcessorExecutor-QBFT-0 | INFO  | QbftBesuControllerBuilder | Imported empty block #21,607 / 0 tx / 0 pending / 0 (0.0%) gas / (0x86b2c46ec3a86a0393467c66cba036a874443aedf2ca6961bb07fb6012072e60)
2025-07-07 13:12:30.032+07:00 | BftProcessorExecutor-QBFT-0 | INFO  | QbftBesuControllerBuilder | Produced empty block #21,608 / 0 tx / 0 pending / 0 (0.0%) gas / (0x05d66a328a6692639ee745fedac53deaffd0f3e4d73b4cd92eeb3ca7e7577f6f)
2025-07-07 13:12:35.036+07:00 | BftProcessorExecutor-QBFT-0 | INFO  | QbftBesuControllerBuilder | Imported empty block #21,609 / 0 tx / 0 pending / 0 (0.0%) gas / (0xde27f9f3949b4a35627673be7d246c6263d02b1cfe9cd469f786520910ea528b)
2025-07-07 13:12:40.030+07:00 | BftProcessorExecutor-QBFT-0 | INFO  | QbftBesuControllerBuilder | Imported empty block #21,610 / 0 tx / 0 pending / 0 (0.0%) gas / (0x1a1f6cc7eb3be9c5eea0b3a8f0ea61358227fe7c7019697582d2e6048be46797)
2025-07-07 13:12:45.029+07:00 | BftProcessorExecutor-QBFT-0 | INFO  | QbftBesuControllerBuilder | Imported empty block #21,611 / 0 tx / 0 pending / 0 (0.0%) gas / (0x21b2b2b712924390a041e9a3addb03d75cead6517e15dbc7a7a0024d690fcad5)
2025-07-07 13:12:50.036+07:00 | BftProcessorExecutor-QBFT-0 | INFO  | QbftBesuControllerBuilder | Produced empty block #21,612 / 0 tx / 0 pending / 0 (0.0%) gas / (0x5cbb007389b5351f2deb42bd871cce3b1ea4e865bc176828145eb5f8526dec7c)
2025-07-07 13:12:55.032+07:00 | BftProcessorExecutor-QBFT-0 | INFO  | QbftBesuControllerBuilder | Imported empty block #21,613 / 0 tx / 0 pending / 0 (0.0%) gas / (0xd58514aec8a8966a4eaa919f9fe7b55d611672b27c33e5948af202cf4cfc7a63)
2025-07-07 13:13:00.032+07:00 | BftProcessorExecutor-QBFT-0 | INFO  | QbftBesuControllerBuilder | Imported empty block #21,614 / 0 tx / 0 pending / 0 (0.0%) gas / (0x138381de2c74c162035b653bea14e0ec212f4066a073305c0e30c6071271f585)
2025-07-07 13:13:05.015+07:00 | BftProcessorExecutor-QBFT-0 | INFO  | QbftBesuControllerBuilder | Imported empty block #21,615 / 0 tx / 0 pending / 0 (0.0%) gas / (0xe01e8960df56b6d6b638f13f6adf5ca180498884128d52072fd8b1b86b6e5422)
2025-07-07 13:13:10.034+07:00 | BftProcessorExecutor-QBFT-0 | INFO  | QbftBesuControllerBuilder | Produced empty block #21,616 / 0 tx / 0 pending / 0 (0.0%) gas / (0x096b6b6d26cdefece120a66966c6b7beb7def8db7d35e53aa4e8d3d8afddf6eb)
2025-07-07 13:13:15.033+07:00 | BftProcessorExecutor-QBFT-0 | INFO  | QbftBesuControllerBuilder | Imported empty block #21,617 / 0 tx / 0 pending / 0 (0.0%) gas / (0x5aa0f9221f4516df7bd084639dae0f33dc8ab31729a613c206f1f92ecc19fb60)
2025-07-07 13:13:20.033+07:00 | BftProcessorExecutor-QBFT-0 | INFO  | QbftBesuControllerBuilder | Imported empty block #21,618 / 0 tx / 0 pending / 0 (0.0%) gas / (0xfef41b6f387f9fe30d1df67888dd8be628167c491436beac175d6a52b95d9c44)
2025-07-07 13:13:25.025+07:00 | BftProcessorExecutor-QBFT-0 | INFO  | QbftBesuControllerBuilder | Imported empty block #21,619 / 0 tx / 0 pending / 0 (0.0%) gas / (0xe13350d22875c6da93d0e8640e45caddf392807537eb386f111642fd2b65c004)
2025-07-07 13:13:30.026+07:00 | BftProcessorExecutor-QBFT-0 | INFO  | QbftBesuControllerBuilder | Produced empty block #21,620 / 0 tx / 0 pending / 0 (0.0%) gas / (0x1a89301ef07f8c6127ac62285524e208c5d9e66a6065c055bc2abd9007a70c9a)
2025-07-07 13:13:35.034+07:00 | BftProcessorExecutor-QBFT-0 | INFO  | QbftBesuControllerBuilder | Imported empty block #21,621 / 0 tx / 0 pending / 0 (0.0%) gas / (0x8ce1aa251e52138dd1f2562fd1d0eb312c345d9606126c90644cae3d6a26043b)
2025-07-07 13:13:40.037+07:00 | BftProcessorExecutor-QBFT-0 | INFO  | QbftBesuControllerBuilder | Imported empty block #21,622 / 0 tx / 0 pending / 0 (0.0%) gas / (0xd2ef470f4a306348e4d6a69761d1141af58fd47bc2f86da5b272d2fb3790f4af)
2025-07-07 13:13:45.028+07:00 | BftProcessorExecutor-QBFT-0 | INFO  | QbftBesuControllerBuilder | Imported empty block #21,623 / 0 tx / 0 pending / 0 (0.0%) gas / (0xbe338b09cf9c4bad085d5560d55f806526ed03439db8668278a2852b7c795c79)
2025-07-07 13:13:50.034+07:00 | BftProcessorExecutor-QBFT-0 | INFO  | QbftBesuControllerBuilder | Produced empty block #21,624 / 0 tx / 0 pending / 0 (0.0%) gas / (0x3561b749986b7a388051c0a07b0cb15694ccedb17fcae3173b8ac9e3e96239ed)
2025-07-07 13:13:55.016+07:00 | BftProcessorExecutor-QBFT-0 | INFO  | QbftBesuControllerBuilder | Imported empty block #21,625 / 0 tx / 0 pending / 0 (0.0%) gas / (0xf5a5accee86da16b5dd53a2b349ae590cdb20dc67be74142938bf8b6076221c4)
2025-07-07 13:14:00.015+07:00 | BftProcessorExecutor-QBFT-0 | INFO  | QbftBesuControllerBuilder | Imported empty block #21,626 / 0 tx / 0 pending / 0 (0.0%) gas / (0xeffeb1d145f56364d388b995a57173576baaad51c74e7dcbca63d9ed2559a019)
2025-07-07 13:14:05.031+07:00 | BftProcessorExecutor-QBFT-0 | INFO  | QbftBesuControllerBuilder | Imported empty block #21,627 / 0 tx / 0 pending / 0 (0.0%) gas / (0xbbfb7c23aaf0e89ecd177b5f8c3d62838aefe5d7e78deaa2b251670f6e9ef89c)
2025-07-07 13:14:10.035+07:00 | BftProcessorExecutor-QBFT-0 | INFO  | QbftBesuControllerBuilder | Produced empty block #21,628 / 0 tx / 0 pending / 0 (0.0%) gas / (0x86a3961c13e9b758a7630444eedb5bcf3f4c46ff2d2eb35faa260cf5884905fe)
2025-07-07 13:14:15.032+07:00 | BftProcessorExecutor-QBFT-0 | INFO  | QbftBesuControllerBuilder | Imported empty block #21,629 / 0 tx / 0 pending / 0 (0.0%) gas / (0x1aed95a904361bf86b37e460aeed3e511d31fd8413abaaa71e362757fd1c4b6f)
2025-07-07 13:14:20.019+07:00 | EthScheduler-Workers-0 | INFO  | PersistBlockTask | Imported empty block #21,630 / 0 tx / 0 om / 0 (0.0%) gas / (0x3be4c0139f62ad3d2327523f00fdfe1209a48ad361599943ddb65a513f29f2a0) in 0.000s. Peers: 3
2025-07-07 13:14:25.009+07:00 | BftProcessorExecutor-QBFT-0 | INFO  | QbftBesuControllerBuilder | Imported empty block #21,631 / 0 tx / 0 pending / 0 (0.0%) gas / (0x404e82fc998ccdf531a1aaa56a7fd8d45969c7c889884b8167ee82a8023c7197)
2025-07-07 13:14:30.031+07:00 | BftProcessorExecutor-QBFT-0 | INFO  | QbftBesuControllerBuilder | Produced empty block #21,632 / 0 tx / 0 pending / 0 (0.0%) gas / (0xa89921c3d4bbdf179b85a1f95bd6f89a251919b875cfec778d4d3072448a613c)
2025-07-07 13:14:35.032+07:00 | BftProcessorExecutor-QBFT-0 | INFO  | QbftBesuControllerBuilder | Imported empty block #21,633 / 0 tx / 0 pending / 0 (0.0%) gas / (0xc8e064109e931bced7ecf5edcaa633769949e546396edc76f538a7cad55e63ca)
2025-07-07 13:14:40.014+07:00 | BftProcessorExecutor-QBFT-0 | INFO  | QbftBesuControllerBuilder | Imported empty block #21,634 / 0 tx / 0 pending / 0 (0.0%) gas / (0xf724537cd721f0733993749adf8681ed2759fc48407561077933c20c101200a8)
2025-07-07 13:14:45.019+07:00 | EthScheduler-Workers-0 | INFO  | PersistBlockTask | Block 21635 (0xe96f2e30afed5ad51d12670d522d633873e9d46bee827ab6d1b7706d019fd526) is already imported
2025-07-07 13:14:45.019+07:00 | BftProcessorExecutor-QBFT-0 | INFO  | QbftBesuControllerBuilder | Imported empty block #21,635 / 0 tx / 0 pending / 0 (0.0%) gas / (0xe96f2e30afed5ad51d12670d522d633873e9d46bee827ab6d1b7706d019fd526)
2025-07-07 13:14:50.032+07:00 | BftProcessorExecutor-QBFT-0 | INFO  | QbftBesuControllerBuilder | Produced empty block #21,636 / 0 tx / 0 pending / 0 (0.0%) gas / (0x6c90222cf6730c1b472a61d00ce827abd9f8ec21f8d21c128169dc0dae334070)
2025-07-07 13:14:55.036+07:00 | BftProcessorExecutor-QBFT-0 | INFO  | QbftBesuControllerBuilder | Imported empty block #21,637 / 0 tx / 0 pending / 0 (0.0%) gas / (0x96fd97cb45c4a312ca96b5d51056d7e09a85bd50b2a0345a19f89271780323f1)
2025-07-07 13:15:00.033+07:00 | BftProcessorExecutor-QBFT-0 | INFO  | QbftBesuControllerBuilder | Imported empty block #21,638 / 0 tx / 0 pending / 0 (0.0%) gas / (0xd34f86efff666f86f2fad1e7ade92add896adf7e3eac92b5386c0a37728e1c4e)
2025-07-07 13:15:05.031+07:00 | BftProcessorExecutor-QBFT-0 | INFO  | QbftBesuControllerBuilder | Imported empty block #21,639 / 0 tx / 0 pending / 0 (0.0%) gas / (0xfc6fc3d90f60b6d90faedbf6fd9c25e99ad2e0ca26dbd190e0b3ef627095fc00)
2025-07-07 13:15:10.031+07:00 | BftProcessorExecutor-QBFT-0 | INFO  | QbftBesuControllerBuilder | Produced empty block #21,640 / 0 tx / 0 pending / 0 (0.0%) gas / (0x513608607a92f44dd96ab20a7e28291a0fd571aee38a1cccb569a5f41e1bce0e)
2025-07-07 13:15:15.012+07:00 | BftProcessorExecutor-QBFT-0 | INFO  | QbftBesuControllerBuilder | Imported empty block #21,641 / 0 tx / 0 pending / 0 (0.0%) gas / (0xf22ca0622f393813096c478790713b80f87ea36d78ddc3fe4c78c622e334e860)
2025-07-07 13:15:20.034+07:00 | BftProcessorExecutor-QBFT-0 | INFO  | QbftBesuControllerBuilder | Imported empty block #21,642 / 0 tx / 0 pending / 0 (0.0%) gas / (0xf1c92e10919e975715151d7cc31e034a6742ecfeaa8cab4103131a5d39cb77dd)
2025-07-07 13:15:25.032+07:00 | BftProcessorExecutor-QBFT-0 | INFO  | QbftBesuControllerBuilder | Imported empty block #21,643 / 0 tx / 0 pending / 0 (0.0%) gas / (0xbd72991987a67b240b012593878a8f242069c180cbe7f2f58d33748b06e1e6d5)
2025-07-07 13:15:30.032+07:00 | BftProcessorExecutor-QBFT-0 | INFO  | QbftBesuControllerBuilder | Produced empty block #21,644 / 0 tx / 0 pending / 0 (0.0%) gas / (0x702d30f6637b77f558ad95759dcef231e2a4cd49fedd96d7044e6765c6e58791)
2025-07-07 13:15:35.032+07:00 | BftProcessorExecutor-QBFT-0 | INFO  | QbftBesuControllerBuilder | Imported empty block #21,645 / 0 tx / 0 pending / 0 (0.0%) gas / (0x2d2af8f51fe0646fc32cffad3261a9254028f360c7b3f57ce4985a424c8b364f)
2025-07-07 13:15:40.032+07:00 | BftProcessorExecutor-QBFT-0 | INFO  | QbftBesuControllerBuilder | Imported empty block #21,646 / 0 tx / 0 pending / 0 (0.0%) gas / (0x140d980deafcfa70cf08e48273a376cfc0d4086027ef07d1a22e6c606eadd8f3)
2025-07-07 13:15:45.010+07:00 | BftProcessorExecutor-QBFT-0 | INFO  | QbftBesuControllerBuilder | Imported empty block #21,647 / 0 tx / 0 pending / 0 (0.0%) gas / (0xea101f07d53f2c82e14e441bd432498da752c33d9859750604698f97db1605f2)
2025-07-07 13:15:50.010+07:00 | BftProcessorExecutor-QBFT-0 | INFO  | QbftBesuControllerBuilder | Produced empty block #21,648 / 0 tx / 0 pending / 0 (0.0%) gas / (0x2634e4a6fc0a8285fe4b8421bac71ba0142edf3db59cc77b06a3321032735997)
2025-07-07 13:15:55.009+07:00 | BftProcessorExecutor-QBFT-0 | INFO  | QbftBesuControllerBuilder | Imported empty block #21,649 / 0 tx / 0 pending / 0 (0.0%) gas / (0x310fca6e616717eed2091bb79a7e263247790e2eebdbc42cbb314835e75ffd76)
2025-07-07 13:16:00.011+07:00 | BftProcessorExecutor-QBFT-0 | INFO  | QbftBesuControllerBuilder | Imported empty block #21,650 / 0 tx / 0 pending / 0 (0.0%) gas / (0xce26475d81c773fe33a5038783aa09f3ba3cd70df1369146f05ab0d0bf929f76)
2025-07-07 13:16:05.008+07:00 | BftProcessorExecutor-QBFT-0 | INFO  | QbftBesuControllerBuilder | Imported empty block #21,651 / 0 tx / 0 pending / 0 (0.0%) gas / (0x3aca67a0b2944e7d9e423ac9ce09543ed8eff8802e0260ccfd0fe008bc04c3a6)
2025-07-07 13:16:10.010+07:00 | BftProcessorExecutor-QBFT-0 | INFO  | QbftBesuControllerBuilder | Produced empty block #21,652 / 0 tx / 0 pending / 0 (0.0%) gas / (0x7102402d618e44b7e3e313a7fa92657cf2c8654473e78781aacc5ec4792c624e)
2025-07-07 13:16:15.010+07:00 | BftProcessorExecutor-QBFT-0 | INFO  | QbftBesuControllerBuilder | Imported empty block #21,653 / 0 tx / 0 pending / 0 (0.0%) gas / (0x27f554750a219b87898f8dfad2d52e92922e971cd0312296e3feab70402bebe2)
2025-07-07 13:16:20.010+07:00 | BftProcessorExecutor-QBFT-0 | INFO  | QbftBesuControllerBuilder | Imported empty block #21,654 / 0 tx / 0 pending / 0 (0.0%) gas / (0xddef8f78b8fe09f83e961e0fc3783bb72385efad2a88952f3b972b2b1b23b521)
2025-07-07 13:16:25.009+07:00 | BftProcessorExecutor-QBFT-0 | INFO  | QbftBesuControllerBuilder | Imported empty block #21,655 / 0 tx / 0 pending / 0 (0.0%) gas / (0x1eb50cbbf4462a2e08d5f0d93f6e111f171a47b861c9a4e0d8b6e4ee1db6d0f7)
2025-07-07 13:16:30.010+07:00 | BftProcessorExecutor-QBFT-0 | INFO  | QbftBesuControllerBuilder | Produced empty block #21,656 / 0 tx / 0 pending / 0 (0.0%) gas / (0x340b181aa54aa6333b32de57bf508f71ced657c11216688aa46a41379ca65eda)
2025-07-07 13:16:35.014+07:00 | BftProcessorExecutor-QBFT-0 | INFO  | QbftBesuControllerBuilder | Imported empty block #21,657 / 0 tx / 0 pending / 0 (0.0%) gas / (0x853af6195630bbf134580ab3ce80f83d497e6e2f4f4e8ff7215d773751d13d66)
2025-07-07 13:16:40.011+07:00 | BftProcessorExecutor-QBFT-0 | INFO  | QbftBesuControllerBuilder | Imported empty block #21,658 / 0 tx / 0 pending / 0 (0.0%) gas / (0x1009ed2535af1e91791d9f581d514f471a22c7cafd552572fb49d6047e3e0114)
2025-07-07 13:16:45.009+07:00 | BftProcessorExecutor-QBFT-0 | INFO  | QbftBesuControllerBuilder | Imported empty block #21,659 / 0 tx / 0 pending / 0 (0.0%) gas / (0xcdcf8bf5c66bf5188aef6968326fabb7a6587b819e1222111d3010b756e333f0)
2025-07-07 13:16:50.011+07:00 | BftProcessorExecutor-QBFT-0 | INFO  | QbftBesuControllerBuilder | Produced empty block #21,660 / 0 tx / 0 pending / 0 (0.0%) gas / (0xe1b68a394ead21b7862b2db64bfaecb8007746e5d4aab3115b2e898a65080fb5)
2025-07-07 13:16:55.014+07:00 | BftProcessorExecutor-QBFT-0 | INFO  | QbftBesuControllerBuilder | Imported empty block #21,661 / 0 tx / 0 pending / 0 (0.0%) gas / (0x7fab23629da325a8daa91028061549b00a7f173f7c78c214db4d5f9e55529dca)
2025-07-07 13:17:00.035+07:00 | EthScheduler-Workers-0 | INFO  | PersistBlockTask | Block 21662 (0xc186d93243b9f1b6540ea85abf34fc0318b7f5dadb99bf823a6106d27cc1c0a9) is already imported
2025-07-07 13:17:00.035+07:00 | BftProcessorExecutor-QBFT-0 | INFO  | QbftBesuControllerBuilder | Imported empty block #21,662 / 0 tx / 0 pending / 0 (0.0%) gas / (0xc186d93243b9f1b6540ea85abf34fc0318b7f5dadb99bf823a6106d27cc1c0a9)
2025-07-07 13:17:05.012+07:00 | BftProcessorExecutor-QBFT-0 | INFO  | QbftBesuControllerBuilder | Imported empty block #21,663 / 0 tx / 0 pending / 0 (0.0%) gas / (0x92f9acfa3be888140c1c9e7d9c904ac1bc8c30ea48ba7a2ed97db4ad2015b703)
2025-07-07 13:17:10.008+07:00 | BftProcessorExecutor-QBFT-0 | INFO  | QbftBesuControllerBuilder | Produced empty block #21,664 / 0 tx / 0 pending / 0 (0.0%) gas / (0x948075cd4437a9453760731efa76a666b82d3d40090f7cfacba264c5df1b256e)
2025-07-07 13:17:15.012+07:00 | BftProcessorExecutor-QBFT-0 | INFO  | QbftBesuControllerBuilder | Imported empty block #21,665 / 0 tx / 0 pending / 0 (0.0%) gas / (0xa509430fd053b89a1e96bfbd9cd067cf9d991ebb89f229e2455423d2795b0edf)
2025-07-07 13:17:20.029+07:00 | BftProcessorExecutor-QBFT-0 | INFO  | QbftBesuControllerBuilder | Imported empty block #21,666 / 0 tx / 0 pending / 0 (0.0%) gas / (0xf7fd8106602a54d55ae15e79a0d2a5f6885d7617121933dba216eb3f779efa5c)
2025-07-07 13:17:25.032+07:00 | BftProcessorExecutor-QBFT-0 | INFO  | QbftBesuControllerBuilder | Imported empty block #21,667 / 0 tx / 0 pending / 0 (0.0%) gas / (0xdb9a926cf86e20c30b77eaf33dbdb282d42befc040d93d85af5fbaab3f923545)
2025-07-07 13:17:30.014+07:00 | BftProcessorExecutor-QBFT-0 | INFO  | QbftBesuControllerBuilder | Produced empty block #21,668 / 0 tx / 0 pending / 0 (0.0%) gas / (0x0dd9958edb2d02b1fd16cbf722947d0e57d54313bf24a28ce2bf2deaf7640bae)
2025-07-07 13:17:35.010+07:00 | BftProcessorExecutor-QBFT-0 | INFO  | QbftBesuControllerBuilder | Imported empty block #21,669 / 0 tx / 0 pending / 0 (0.0%) gas / (0x4e845f4dcb40a5fce883597de1ba440fe7955e24dc8836ba0ba20e903c7eca3c)
2025-07-07 13:17:40.009+07:00 | BftProcessorExecutor-QBFT-0 | INFO  | QbftBesuControllerBuilder | Imported empty block #21,670 / 0 tx / 0 pending / 0 (0.0%) gas / (0x90b35ff1fb2249b95cfc77360edaab1cca3f6a4d9b28e60c13760251a27dd54f)
2025-07-07 13:17:45.008+07:00 | BftProcessorExecutor-QBFT-0 | INFO  | QbftBesuControllerBuilder | Imported empty block #21,671 / 0 tx / 0 pending / 0 (0.0%) gas / (0xf771a91587d3dcb4416adc3916cdf08f429dc554fdf62fdf26441582aaf6d2d7)
2025-07-07 13:17:50.013+07:00 | BftProcessorExecutor-QBFT-0 | INFO  | QbftBesuControllerBuilder | Produced empty block #21,672 / 0 tx / 0 pending / 0 (0.0%) gas / (0x7bbdad1889e6e4f2dec5e180ff146700ac68ea9bcb8ff8afd4910aa213becc09)
2025-07-07 13:17:55.013+07:00 | BftProcessorExecutor-QBFT-0 | INFO  | QbftBesuControllerBuilder | Imported empty block #21,673 / 0 tx / 0 pending / 0 (0.0%) gas / (0xc3d7e5cbf9410a0bfcbda8c4c391fe8cb4b6c77be166c122e512ea220f08c090)
2025-07-07 13:18:00.013+07:00 | BftProcessorExecutor-QBFT-0 | INFO  | QbftBesuControllerBuilder | Imported empty block #21,674 / 0 tx / 0 pending / 0 (0.0%) gas / (0x33175d33dadf9d15d2a4ed347863bd7cf4ff8c9137d87a0cbd458dbadc642879)
2025-07-07 13:18:05.010+07:00 | BftProcessorExecutor-QBFT-0 | INFO  | QbftBesuControllerBuilder | Imported empty block #21,675 / 0 tx / 0 pending / 0 (0.0%) gas / (0x82108df0d598755f1dcbd714baa438fc43df01a17cfe199b45e8ec03c4dd179d)
2025-07-07 13:18:10.011+07:00 | BftProcessorExecutor-QBFT-0 | INFO  | QbftBesuControllerBuilder | Produced empty block #21,676 / 0 tx / 0 pending / 0 (0.0%) gas / (0x5cc4b1e2d442fea6ccbf51b2015d3321e2c18c2fabe50723dd52d4b1c9bbb768)
2025-07-07 13:18:15.020+07:00 | BftProcessorExecutor-QBFT-0 | INFO  | QbftBesuControllerBuilder | Imported empty block #21,677 / 0 tx / 0 pending / 0 (0.0%) gas / (0x1673227ff5c326c619e092ecb668ef9a27ef18fdc1dec5e16bdf567e07f222b5)
2025-07-07 13:18:20.009+07:00 | BftProcessorExecutor-QBFT-0 | INFO  | QbftBesuControllerBuilder | Imported empty block #21,678 / 0 tx / 0 pending / 0 (0.0%) gas / (0x1a9075e7f27a52f9443dc1067db46bb5d6cd78088ec6e0567f6adeb3974aaf40)
2025-07-07 13:18:25.013+07:00 | EthScheduler-Workers-0 | INFO  | PersistBlockTask | Block 21679 (0x58d824ceee86ddc487a1393c61928082cc15e4db3e7f86f339d585500c12bbb2) is already imported
2025-07-07 13:18:25.013+07:00 | BftProcessorExecutor-QBFT-0 | INFO  | QbftBesuControllerBuilder | Imported empty block #21,679 / 0 tx / 0 pending / 0 (0.0%) gas / (0x58d824ceee86ddc487a1393c61928082cc15e4db3e7f86f339d585500c12bbb2)
2025-07-07 13:18:30.029+07:00 | BftProcessorExecutor-QBFT-0 | INFO  | QbftBesuControllerBuilder | Produced empty block #21,680 / 0 tx / 0 pending / 0 (0.0%) gas / (0xb91b59628cb14b580a4e0dfc93b8dfefa839b67700209a49bef09530a563c2e8)
2025-07-07 13:18:35.016+07:00 | BftProcessorExecutor-QBFT-0 | INFO  | QbftBesuControllerBuilder | Imported empty block #21,681 / 0 tx / 0 pending / 0 (0.0%) gas / (0xca0d9d5580e979a1704a73d0ef88a1e7f16f2fd5a330e7cb4eb2469d5fecb2c8)
2025-07-07 13:18:40.020+07:00 | BftProcessorExecutor-QBFT-0 | INFO  | QbftBesuControllerBuilder | Imported empty block #21,682 / 0 tx / 0 pending / 0 (0.0%) gas / (0x3b4406d3188b02134d31eb4c298dada4b049b45b7e74a6317b410e3b674f0a06)
2025-07-07 13:18:40.020+07:00 | EthScheduler-Workers-0 | INFO  | PersistBlockTask | Block 21682 (0x3b4406d3188b02134d31eb4c298dada4b049b45b7e74a6317b410e3b674f0a06) is already imported
2025-07-07 13:18:45.015+07:00 | EthScheduler-Workers-0 | INFO  | PersistBlockTask | Block 21683 (0x6949ea346aa0f232cdc7b2b3d2715c5ef20e79c8800fdd1274454a4a91768643) is already imported
2025-07-07 13:18:45.015+07:00 | BftProcessorExecutor-QBFT-0 | INFO  | QbftBesuControllerBuilder | Imported empty block #21,683 / 0 tx / 0 pending / 0 (0.0%) gas / (0x6949ea346aa0f232cdc7b2b3d2715c5ef20e79c8800fdd1274454a4a91768643)
2025-07-07 13:18:50.039+07:00 | BftProcessorExecutor-QBFT-0 | INFO  | QbftBesuControllerBuilder | Produced empty block #21,684 / 0 tx / 0 pending / 0 (0.0%) gas / (0x45a0e12632a07ad4287e93ded16c8ef26e74979b33af5c7446dc135f90236475)
2025-07-07 13:18:55.014+07:00 | BftProcessorExecutor-QBFT-0 | INFO  | QbftBesuControllerBuilder | Imported empty block #21,685 / 0 tx / 0 pending / 0 (0.0%) gas / (0x1aae4c4d62b954cab2cd73745b1b0122271c1f4afcc307916de45a0a4914837f)
2025-07-07 13:19:00.016+07:00 | BftProcessorExecutor-QBFT-0 | INFO  | QbftBesuControllerBuilder | Imported empty block #21,686 / 0 tx / 0 pending / 0 (0.0%) gas / (0x655026e470b9c5cf086f75a8afc4bbb12b49acad68ff76eda4d182a234bc5cbd)
2025-07-07 13:19:05.029+07:00 | BftProcessorExecutor-QBFT-0 | INFO  | QbftBesuControllerBuilder | Imported empty block #21,687 / 0 tx / 0 pending / 0 (0.0%) gas / (0x047c43d05ea1e091259d994dd7ce8f2287487d447316c8661fece0c2e235d482)
2025-07-07 13:19:10.018+07:00 | BftProcessorExecutor-QBFT-0 | INFO  | QbftBesuControllerBuilder | Produced empty block #21,688 / 0 tx / 0 pending / 0 (0.0%) gas / (0x4c2af5592c834d2aeeb05b47a9a9428225d0d80e29d22f5db72ac0b7f3cddbc4)
2025-07-07 13:19:15.028+07:00 | BftProcessorExecutor-QBFT-0 | INFO  | QbftBesuControllerBuilder | Imported empty block #21,689 / 0 tx / 0 pending / 0 (0.0%) gas / (0xfebec485ffb14d993cd6d837044541f31f4b972e7f98ee20fb700e57778b3b09)
2025-07-07 13:19:20.010+07:00 | BftProcessorExecutor-QBFT-0 | INFO  | QbftBesuControllerBuilder | Imported empty block #21,690 / 0 tx / 0 pending / 0 (0.0%) gas / (0xf7d8fd82790a394300144767003ccbee9f818bd05aba7ad203731b0b6722b657)
2025-07-07 13:19:25.011+07:00 | BftProcessorExecutor-QBFT-0 | INFO  | QbftBesuControllerBuilder | Imported empty block #21,691 / 0 tx / 0 pending / 0 (0.0%) gas / (0xe9063be90c5229f2891c875c810f67c2aab0ae41a7c5b3d533e31225ba72c84e)
2025-07-07 13:19:30.027+07:00 | BftProcessorExecutor-QBFT-0 | INFO  | QbftBesuControllerBuilder | Produced empty block #21,692 / 0 tx / 0 pending / 0 (0.0%) gas / (0x469fc4ded0315055d901417a7f5d8395cc1565b66c1dbe00aa5c49bfc7e30c90)
2025-07-07 13:19:35.017+07:00 | BftProcessorExecutor-QBFT-0 | INFO  | QbftBesuControllerBuilder | Imported empty block #21,693 / 0 tx / 0 pending / 0 (0.0%) gas / (0x6dd10213b33ec44cdab55aef5b41059b1ef812a6fb880d9532c6037aadad20b9)
2025-07-07 13:19:40.028+07:00 | BftProcessorExecutor-QBFT-0 | INFO  | QbftBesuControllerBuilder | Imported empty block #21,694 / 0 tx / 0 pending / 0 (0.0%) gas / (0x010a43a2d9fd45d230ef3e9cf93aa4114133b0f66dd398cfd108538ab6429428)
2025-07-07 13:19:45.012+07:00 | BftProcessorExecutor-QBFT-0 | INFO  | QbftBesuControllerBuilder | Imported empty block #21,695 / 0 tx / 0 pending / 0 (0.0%) gas / (0xe0f443c1553465c74f7fb9e9eb4e473680ccd8984908c9bfef64ae1186f36176)
2025-07-07 13:19:50.030+07:00 | BftProcessorExecutor-QBFT-0 | INFO  | QbftBesuControllerBuilder | Produced empty block #21,696 / 0 tx / 0 pending / 0 (0.0%) gas / (0x736b1d2a1afddd914121e96fbdb40b39e5c16402796f2aea0af4b5d0015198f5)
2025-07-07 13:19:55.011+07:00 | BftProcessorExecutor-QBFT-0 | INFO  | QbftBesuControllerBuilder | Imported empty block #21,697 / 0 tx / 0 pending / 0 (0.0%) gas / (0xa55eb2680f70c355693e473b151f3a19edddfbca78b51292828245dd5e25ed15)
2025-07-07 13:20:00.010+07:00 | BftProcessorExecutor-QBFT-0 | INFO  | QbftBesuControllerBuilder | Imported empty block #21,698 / 0 tx / 0 pending / 0 (0.0%) gas / (0xbca559d138ab0fc62bf3047798f4fb403430e40b248e78da28c8e30526fab19b)
2025-07-07 13:20:05.033+07:00 | BftProcessorExecutor-QBFT-0 | INFO  | QbftBesuControllerBuilder | Imported empty block #21,699 / 0 tx / 0 pending / 0 (0.0%) gas / (0x8de149818b08f949ac80b9c8e4007e45f077cd64f7e4f395224e6b22c62de280)
2025-07-07 13:20:10.011+07:00 | BftProcessorExecutor-QBFT-0 | INFO  | QbftBesuControllerBuilder | Produced empty block #21,700 / 0 tx / 0 pending / 0 (0.0%) gas / (0x602a3b8ad756d3c3e568172e9f0a54ed9ca9c02ba2b9764b7953913f62446842)
2025-07-07 13:20:15.029+07:00 | BftProcessorExecutor-QBFT-0 | INFO  | QbftBesuControllerBuilder | Imported empty block #21,701 / 0 tx / 0 pending / 0 (0.0%) gas / (0x8bc9effda19dbe0b83db1a1b3ce65e6c60bcdb56757c1c862ba30c1e28e7901f)
2025-07-07 13:20:20.022+07:00 | BftProcessorExecutor-QBFT-0 | INFO  | QbftBesuControllerBuilder | Imported empty block #21,702 / 0 tx / 0 pending / 0 (0.0%) gas / (0x6b0a654df018eeff19c445cad98711f7726cd4ae5d920cbaced18fd1315581a0)
2025-07-07 13:20:25.033+07:00 | BftProcessorExecutor-QBFT-0 | INFO  | QbftBesuControllerBuilder | Imported empty block #21,703 / 0 tx / 0 pending / 0 (0.0%) gas / (0xfa87a51353fb2c70292df23a06810e7ff39eadfe95f406d8f4c7e0c500801948)
2025-07-07 13:20:25.033+07:00 | EthScheduler-Workers-0 | INFO  | PersistBlockTask | Block 21703 (0xfa87a51353fb2c70292df23a06810e7ff39eadfe95f406d8f4c7e0c500801948) is already imported
2025-07-07 13:20:30.011+07:00 | BftProcessorExecutor-QBFT-0 | INFO  | QbftBesuControllerBuilder | Produced empty block #21,704 / 0 tx / 0 pending / 0 (0.0%) gas / (0xe56031912039fe2e18c1bd1ac97681dcf33573e10865455e08edbd348280ff66)
2025-07-07 13:20:35.011+07:00 | BftProcessorExecutor-QBFT-0 | INFO  | QbftBesuControllerBuilder | Imported empty block #21,705 / 0 tx / 0 pending / 0 (0.0%) gas / (0x954bc0843126667c8ae0079c33ef13fad8b0029d99bad179f7527548dd80b913)
2025-07-07 13:20:40.031+07:00 | BftProcessorExecutor-QBFT-0 | INFO  | QbftBesuControllerBuilder | Imported empty block #21,706 / 0 tx / 0 pending / 0 (0.0%) gas / (0xf86a58236483e7573629da1d21571bc9f9157e779de8f88abbaf56cd9ec54f8f)
2025-07-07 13:20:45.027+07:00 | BftProcessorExecutor-QBFT-0 | INFO  | QbftBesuControllerBuilder | Imported empty block #21,707 / 0 tx / 0 pending / 0 (0.0%) gas / (0x507959acb3a815f5cfa40b62a37406c3af81b9daab7a0f5e7db2392f66f2970d)
2025-07-07 13:20:50.027+07:00 | BftProcessorExecutor-QBFT-0 | INFO  | QbftBesuControllerBuilder | Produced empty block #21,708 / 0 tx / 0 pending / 0 (0.0%) gas / (0x4d7cd69990c227039de7cb0fc2644eb984875edaad22adbaeca4a047d321f54a)
2025-07-07 13:20:55.025+07:00 | BftProcessorExecutor-QBFT-0 | INFO  | QbftBesuControllerBuilder | Imported empty block #21,709 / 0 tx / 0 pending / 0 (0.0%) gas / (0xf8d6ec439a08d72bd64d06c415ac6e9d74f16a42354012f54f9d4f9f6a5a73f5)
2025-07-07 13:21:00.012+07:00 | BftProcessorExecutor-QBFT-0 | INFO  | QbftBesuControllerBuilder | Imported empty block #21,710 / 0 tx / 0 pending / 0 (0.0%) gas / (0x4e0a377e6f018d59200eea2c01db669157838c90e7242dff87cff131e161c95d)
2025-07-07 13:21:05.011+07:00 | BftProcessorExecutor-QBFT-0 | INFO  | QbftBesuControllerBuilder | Imported empty block #21,711 / 0 tx / 0 pending / 0 (0.0%) gas / (0x4f4a6ca7ff2fe294217fe4cb50d2bd52c60f86c96406800438598590049631dc)
2025-07-07 13:21:10.016+07:00 | BftProcessorExecutor-QBFT-0 | INFO  | QbftBesuControllerBuilder | Produced empty block #21,712 / 0 tx / 0 pending / 0 (0.0%) gas / (0xbfae094d4d1851895144d9bbcdf02305dcb6fa8bbf2158af782cb99160141f52)
2025-07-07 13:21:15.010+07:00 | BftProcessorExecutor-QBFT-0 | INFO  | QbftBesuControllerBuilder | Imported empty block #21,713 / 0 tx / 0 pending / 0 (0.0%) gas / (0x04e8195285bdb55498fe810f1d128ae26a139166edaf7b19ea55ff26c17ef8cb)
2025-07-07 13:21:20.009+07:00 | BftProcessorExecutor-QBFT-0 | INFO  | QbftBesuControllerBuilder | Imported empty block #21,714 / 0 tx / 0 pending / 0 (0.0%) gas / (0xae74e338b689821f378b7988a58d9846e3f4e3c9edd1ac59d57e2aeeb11c8467)
2025-07-07 13:21:25.012+07:00 | BftProcessorExecutor-QBFT-0 | INFO  | QbftBesuControllerBuilder | Imported empty block #21,715 / 0 tx / 0 pending / 0 (0.0%) gas / (0x0877baa27dc20f57924fe6efd1437a6ac1f784b817a4dafcd39cca0c8530bf25)
2025-07-07 13:21:30.011+07:00 | BftProcessorExecutor-QBFT-0 | INFO  | QbftBesuControllerBuilder | Produced empty block #21,716 / 0 tx / 0 pending / 0 (0.0%) gas / (0xf1d0e94bf466ce23efbdf571ce4bc241bcd30b4d32c8afde3798ca94f54fb78d)
2025-07-07 13:21:35.010+07:00 | BftProcessorExecutor-QBFT-0 | INFO  | QbftBesuControllerBuilder | Imported empty block #21,717 / 0 tx / 0 pending / 0 (0.0%) gas / (0x52b12172ed9f160ff7b95bc3e7587b15663b91d600367c28507780c7ef19093e)
2025-07-07 13:21:40.010+07:00 | BftProcessorExecutor-QBFT-0 | INFO  | QbftBesuControllerBuilder | Imported empty block #21,718 / 0 tx / 0 pending / 0 (0.0%) gas / (0xef8742091b7683445375ed7175ce9a52cd27c8ef621b961a647775728c293e50)
2025-07-07 13:21:45.024+07:00 | BftProcessorExecutor-QBFT-0 | INFO  | QbftBesuControllerBuilder | Imported empty block #21,719 / 0 tx / 0 pending / 0 (0.0%) gas / (0xbea2b7cd249b964d18f2f73e8e9d2e10d2c09a24d0b89e099597b5f5b282a721)
2025-07-07 13:21:50.027+07:00 | BftProcessorExecutor-QBFT-0 | INFO  | QbftBesuControllerBuilder | Produced empty block #21,720 / 0 tx / 0 pending / 0 (0.0%) gas / (0xccfd5fe61c632e6c467d3d7c5e114febc467fd7c6cb60aeb5eb2f478ed1ac45b)
2025-07-07 13:21:55.029+07:00 | BftProcessorExecutor-QBFT-0 | INFO  | QbftBesuControllerBuilder | Imported empty block #21,721 / 0 tx / 0 pending / 0 (0.0%) gas / (0xb4dcc8171acd310c21bdaa923a0a9998d27aab577b67bd13d02e04d5a5291c57)
2025-07-07 13:22:00.033+07:00 | BftProcessorExecutor-QBFT-0 | INFO  | QbftBesuControllerBuilder | Imported empty block #21,722 / 0 tx / 0 pending / 0 (0.0%) gas / (0x79d2761f14c9e2d55ca6b2ecb6000aed9104c3b62bcbf19f714174d502259d48)
2025-07-07 13:22:05.027+07:00 | BftProcessorExecutor-QBFT-0 | INFO  | QbftBesuControllerBuilder | Imported empty block #21,723 / 0 tx / 0 pending / 0 (0.0%) gas / (0xabd4e5502193f25b7c3a940e1368ab55570658ecf31bd27891b758a6bd725773)
2025-07-07 13:22:10.016+07:00 | BftProcessorExecutor-QBFT-0 | INFO  | QbftBesuControllerBuilder | Produced empty block #21,724 / 0 tx / 0 pending / 0 (0.0%) gas / (0x2db3bb5519f8b414fb4fca110cd50df61bb6815d7d5bf6a2809b4efa4b4c3f8a)
2025-07-07 13:22:15.029+07:00 | BftProcessorExecutor-QBFT-0 | INFO  | QbftBesuControllerBuilder | Imported empty block #21,725 / 0 tx / 0 pending / 0 (0.0%) gas / (0xad0d0cfb0fe6053c489f3bd62b163e7f6c4a9f8f2d7dfef44250d3c9fb945e87)
2025-07-07 13:22:20.031+07:00 | EthScheduler-Workers-0 | INFO  | PersistBlockTask | Block 21726 (0x7d2e971d29530e4f0c33eb8488a6cf68ba89fef96f382535b91d853e058e6e27) is already imported
2025-07-07 13:22:20.032+07:00 | BftProcessorExecutor-QBFT-0 | INFO  | QbftBesuControllerBuilder | Imported empty block #21,726 / 0 tx / 0 pending / 0 (0.0%) gas / (0x7d2e971d29530e4f0c33eb8488a6cf68ba89fef96f382535b91d853e058e6e27)
2025-07-07 13:22:25.031+07:00 | BftProcessorExecutor-QBFT-0 | INFO  | QbftBesuControllerBuilder | Imported empty block #21,727 / 0 tx / 0 pending / 0 (0.0%) gas / (0xb4d16df68abcbab041b979ef313de6ee6e5a1aa6a4501925052d49046c7bc46f)
2025-07-07 13:22:30.027+07:00 | BftProcessorExecutor-QBFT-0 | INFO  | QbftBesuControllerBuilder | Produced empty block #21,728 / 0 tx / 0 pending / 0 (0.0%) gas / (0x90007b0f1b3cb8a5b234bff2a1023a552703f77bd23d41582a4a048265980587)
2025-07-07 13:22:35.025+07:00 | BftProcessorExecutor-QBFT-0 | INFO  | QbftBesuControllerBuilder | Imported empty block #21,729 / 0 tx / 0 pending / 0 (0.0%) gas / (0xf89b450cbf777d54ea290943463273c8d774ac9ab9dde0a766f5081373e828ea)
2025-07-07 13:22:40.009+07:00 | BftProcessorExecutor-QBFT-0 | INFO  | QbftBesuControllerBuilder | Imported empty block #21,730 / 0 tx / 0 pending / 0 (0.0%) gas / (0x36045b5faa6d1aa26a8ffc6b3eb3c86d276b87677c07d675bf534d207bfccced)
2025-07-07 13:22:45.029+07:00 | BftProcessorExecutor-QBFT-0 | INFO  | QbftBesuControllerBuilder | Imported empty block #21,731 / 0 tx / 0 pending / 0 (0.0%) gas / (0xad602528ba2f42839461b97685d5599219098ac44a64a973985f5df4a1799782)
2025-07-07 13:22:50.009+07:00 | BftProcessorExecutor-QBFT-0 | INFO  | QbftBesuControllerBuilder | Produced empty block #21,732 / 0 tx / 0 pending / 0 (0.0%) gas / (0x7de871c07b72cb563b4512d67b019b467acf537609c9fbd502ca7c5e26a741d1)
2025-07-07 13:22:55.022+07:00 | EthScheduler-Workers-0 | INFO  | PersistBlockTask | Imported empty block #21,733 / 0 tx / 0 om / 0 (0.0%) gas / (0x33f05ebb77f121df3cdd7a7a1491cbaefb131f836570d9695996438e4f765e4b) in 0.000s. Peers: 3
2025-07-07 13:23:00.030+07:00 | BftProcessorExecutor-QBFT-0 | INFO  | QbftBesuControllerBuilder | Imported empty block #21,734 / 0 tx / 0 pending / 0 (0.0%) gas / (0x2364596966a8d1ea3106175fc2491f76fbde7a9a090b5cd612f3cfa408161768)
2025-07-07 13:23:05.030+07:00 | BftProcessorExecutor-QBFT-0 | INFO  | QbftBesuControllerBuilder | Imported empty block #21,735 / 0 tx / 0 pending / 0 (0.0%) gas / (0x1ec1957052d14a1b6f6938d9b77a997cbfdafe699113ec1966870405483bed1d)
2025-07-07 13:23:10.030+07:00 | BftProcessorExecutor-QBFT-0 | INFO  | QbftBesuControllerBuilder | Produced empty block #21,736 / 0 tx / 0 pending / 0 (0.0%) gas / (0xb3381ac1fba6c782f4b35eb0e61854c8b1eaa64f370ab2235cae1acc3c202cba)
2025-07-07 13:23:15.026+07:00 | BftProcessorExecutor-QBFT-0 | INFO  | QbftBesuControllerBuilder | Imported empty block #21,737 / 0 tx / 0 pending / 0 (0.0%) gas / (0xdf3ec885c8322648eccff7e0842905b7707f44cc6967c876ad05db468a5a1e66)
2025-07-07 13:23:20.029+07:00 | BftProcessorExecutor-QBFT-0 | INFO  | QbftBesuControllerBuilder | Imported empty block #21,738 / 0 tx / 0 pending / 0 (0.0%) gas / (0x56a50dbb99979e124f2ded2bae262456aa8360ffd5a862f59ccba7ad276b60ef)
2025-07-07 13:23:25.033+07:00 | BftProcessorExecutor-QBFT-0 | INFO  | QbftBesuControllerBuilder | Imported empty block #21,739 / 0 tx / 0 pending / 0 (0.0%) gas / (0xa58fe09820e8f3c5b9259d1f5a9769134f43693e04842f0bd337d2543fa3f961)
2025-07-07 13:23:30.024+07:00 | BftProcessorExecutor-QBFT-0 | INFO  | QbftBesuControllerBuilder | Produced empty block #21,740 / 0 tx / 0 pending / 0 (0.0%) gas / (0xa3094de8088c7175d915499622b609f5563de1da2d0050910c5aabc0cba568a9)
2025-07-07 13:23:35.032+07:00 | BftProcessorExecutor-QBFT-0 | INFO  | QbftBesuControllerBuilder | Imported empty block #21,741 / 0 tx / 0 pending / 0 (0.0%) gas / (0xc4122cba47cbf85bb5e3f4c46a638d0b9913d45cd0f6309fa32591ff2e6ff3dd)
2025-07-07 13:23:40.009+07:00 | EthScheduler-Workers-0 | INFO  | PersistBlockTask | Block 21742 (0xf77bec657baa18c10b1fcc0f042790b6fc01efee916381e04db8e0d7f0f90fc3) is already imported
2025-07-07 13:23:40.009+07:00 | BftProcessorExecutor-QBFT-0 | INFO  | QbftBesuControllerBuilder | Imported empty block #21,742 / 0 tx / 0 pending / 0 (0.0%) gas / (0xf77bec657baa18c10b1fcc0f042790b6fc01efee916381e04db8e0d7f0f90fc3)
2025-07-07 13:23:45.027+07:00 | BftProcessorExecutor-QBFT-0 | INFO  | QbftBesuControllerBuilder | Imported empty block #21,743 / 0 tx / 0 pending / 0 (0.0%) gas / (0xcdbc2167970a99629aab5acd0337a28416c20bf99484fcac4fce06063bc429da)
2025-07-07 13:23:50.028+07:00 | BftProcessorExecutor-QBFT-0 | INFO  | QbftBesuControllerBuilder | Produced empty block #21,744 / 0 tx / 0 pending / 0 (0.0%) gas / (0x6dfdffc52489255977baaeccd2708cff982f58107a9cad825ef7ef1e5c49e42a)
2025-07-07 13:23:55.008+07:00 | BftProcessorExecutor-QBFT-0 | INFO  | QbftBesuControllerBuilder | Imported empty block #21,745 / 0 tx / 0 pending / 0 (0.0%) gas / (0x9e8aadafbe48e86d7838694d8141a99e097687e12576c6ecb2df10bccb65bdbd)
2025-07-07 13:24:00.030+07:00 | BftProcessorExecutor-QBFT-0 | INFO  | QbftBesuControllerBuilder | Imported empty block #21,746 / 0 tx / 0 pending / 0 (0.0%) gas / (0x12e7f7f6affbfd599b981e33f1e67f87bfc03e9aaf8f899a62fa843b15523f06)
2025-07-07 13:24:05.031+07:00 | BftProcessorExecutor-QBFT-0 | INFO  | QbftBesuControllerBuilder | Imported empty block #21,747 / 0 tx / 0 pending / 0 (0.0%) gas / (0x126c49f37ff13c43367ff339c3c452b559d186e50c74c71d316aaffbd7c31ad8)
2025-07-07 13:24:10.025+07:00 | BftProcessorExecutor-QBFT-0 | INFO  | QbftBesuControllerBuilder | Produced empty block #21,748 / 0 tx / 0 pending / 0 (0.0%) gas / (0xe69e4686bf60ce0b84c3a883b6e85385c15e40132e64f8a2661492ffc69fe8a1)
2025-07-07 13:24:15.030+07:00 | BftProcessorExecutor-QBFT-0 | INFO  | QbftBesuControllerBuilder | Imported empty block #21,749 / 0 tx / 0 pending / 0 (0.0%) gas / (0x3e4473c299634853c6814020de2e88d5859b7d040ebd8796f834845d81471ee3)
2025-07-07 13:24:20.014+07:00 | BftProcessorExecutor-QBFT-0 | INFO  | QbftBesuControllerBuilder | Imported empty block #21,750 / 0 tx / 0 pending / 0 (0.0%) gas / (0x8dcdfe193d9c4fe54b960185f7d437b70cfaa76d97121d87e9c0481706a6016d)
2025-07-07 13:24:25.010+07:00 | BftProcessorExecutor-QBFT-0 | INFO  | QbftBesuControllerBuilder | Imported empty block #21,751 / 0 tx / 0 pending / 0 (0.0%) gas / (0x6fa562aa6d972a47540571b132f932bb6f4e90a2a147b533c8f53a8c4c619ccf)
2025-07-07 13:24:30.029+07:00 | BftProcessorExecutor-QBFT-0 | INFO  | QbftBesuControllerBuilder | Produced empty block #21,752 / 0 tx / 0 pending / 0 (0.0%) gas / (0x7c8840e8c0fe3d620f057fe458ce36e0ff0814296e12a33a2ffa5a453fdb4e48)
2025-07-07 13:24:35.028+07:00 | BftProcessorExecutor-QBFT-0 | INFO  | QbftBesuControllerBuilder | Imported empty block #21,753 / 0 tx / 0 pending / 0 (0.0%) gas / (0xa2bf802a45c90937239df86db4892285c74141556a7474eff6db223c83ad929e)
2025-07-07 13:24:40.008+07:00 | BftProcessorExecutor-QBFT-0 | INFO  | QbftBesuControllerBuilder | Imported empty block #21,754 / 0 tx / 0 pending / 0 (0.0%) gas / (0xf7885918ca51bf0fcacf2ca58ecdb6f197eb5350a2faaa6c91e78bf7c56d13c7)
2025-07-07 13:24:45.031+07:00 | BftProcessorExecutor-QBFT-0 | INFO  | QbftBesuControllerBuilder | Imported empty block #21,755 / 0 tx / 0 pending / 0 (0.0%) gas / (0x23cbf3bbcb4c19c761d02dee5c8942edde52e504a3540cc5ed67800ece308775)
2025-07-07 13:24:50.024+07:00 | BftProcessorExecutor-QBFT-0 | INFO  | QbftBesuControllerBuilder | Produced empty block #21,756 / 0 tx / 0 pending / 0 (0.0%) gas / (0x7c7a30995a9edaeaac0ad45455c3a9644549874d065ca7a5d1c636d5edd3b3ef)
2025-07-07 13:24:55.015+07:00 | BftProcessorExecutor-QBFT-0 | INFO  | QbftBesuControllerBuilder | Imported empty block #21,757 / 0 tx / 0 pending / 0 (0.0%) gas / (0x43c2792ca09fa47ef1b696b472497541eb1eba232d097e7403d6c15c19c5d854)
2025-07-07 13:25:00.035+07:00 | BftProcessorExecutor-QBFT-0 | INFO  | QbftBesuControllerBuilder | Imported empty block #21,758 / 0 tx / 0 pending / 0 (0.0%) gas / (0x68a9a18ba54b4c76faa34e674718e6135b8f8e210891cbc377450c0dc5f514f8)
2025-07-07 13:25:05.008+07:00 | BftProcessorExecutor-QBFT-0 | INFO  | QbftBesuControllerBuilder | Imported empty block #21,759 / 0 tx / 0 pending / 0 (0.0%) gas / (0xe206ab1bfcf8d5b9b928b9f8da2a866d72797b22e1de784761d2b7ed838f4c4d)
2025-07-07 13:25:10.008+07:00 | BftProcessorExecutor-QBFT-0 | INFO  | QbftBesuControllerBuilder | Produced empty block #21,760 / 0 tx / 0 pending / 0 (0.0%) gas / (0xf48caf017f455c59265274d3fb830acc4a71f338892c1926c9a4e62bee45460e)
2025-07-07 13:25:15.009+07:00 | BftProcessorExecutor-QBFT-0 | INFO  | QbftBesuControllerBuilder | Imported empty block #21,761 / 0 tx / 0 pending / 0 (0.0%) gas / (0xed9ca97fa355731c2ab26f6e7aec45024fc3a6aa447331a5429da8728c21f1d0)
2025-07-07 13:25:20.011+07:00 | BftProcessorExecutor-QBFT-0 | INFO  | QbftBesuControllerBuilder | Imported empty block #21,762 / 0 tx / 0 pending / 0 (0.0%) gas / (0xee7e220e12e0c223b52d9d41145d906ddfaba59e11caf2021be551cd486ce956)
2025-07-07 13:25:25.008+07:00 | BftProcessorExecutor-QBFT-0 | INFO  | QbftBesuControllerBuilder | Imported empty block #21,763 / 0 tx / 0 pending / 0 (0.0%) gas / (0x29f7d9901a4f372842909372d6e7401ec793d68763d7fbe4830db263ee4831c9)
2025-07-07 13:25:30.009+07:00 | BftProcessorExecutor-QBFT-0 | INFO  | QbftBesuControllerBuilder | Produced empty block #21,764 / 0 tx / 0 pending / 0 (0.0%) gas / (0x3647d272c7047d84f2011beaa82dc01dae84cf59a065fa90bff0eebb5f392240)
2025-07-07 13:25:35.026+07:00 | BftProcessorExecutor-QBFT-0 | INFO  | QbftBesuControllerBuilder | Imported empty block #21,765 / 0 tx / 0 pending / 0 (0.0%) gas / (0x535fc5fcc224a2141a524805b6cc0bf2e7bde6b34c2222a59a5541a383228f76)
2025-07-07 13:25:40.009+07:00 | BftProcessorExecutor-QBFT-0 | INFO  | QbftBesuControllerBuilder | Imported empty block #21,766 / 0 tx / 0 pending / 0 (0.0%) gas / (0x08b683cfc5b0e1ba062ffec546a1094033d05d04061881a959beb2d5555b1461)
2025-07-07 13:25:45.025+07:00 | BftProcessorExecutor-QBFT-0 | INFO  | QbftBesuControllerBuilder | Imported empty block #21,767 / 0 tx / 0 pending / 0 (0.0%) gas / (0x25f0e24d0f109ff39f2209b1e87cd628499cbcc71a0b32b991068a9272f00e0e)
2025-07-07 13:25:50.009+07:00 | BftProcessorExecutor-QBFT-0 | INFO  | QbftBesuControllerBuilder | Produced empty block #21,768 / 0 tx / 0 pending / 0 (0.0%) gas / (0xb2b8a617bc07b16bddac7a39b628e7e9d1bceae5be430b49bda99706b28b40d1)
2025-07-07 13:25:55.009+07:00 | BftProcessorExecutor-QBFT-0 | INFO  | QbftBesuControllerBuilder | Imported empty block #21,769 / 0 tx / 0 pending / 0 (0.0%) gas / (0x479ebae98160e45915ab6d4c73240a527284c38a90fb2787e0b54bd6bbecf2ba)
2025-07-07 13:26:00.019+07:00 | BftProcessorExecutor-QBFT-0 | INFO  | QbftBesuControllerBuilder | Imported empty block #21,770 / 0 tx / 0 pending / 0 (0.0%) gas / (0x940bf11af75ac733e36ab018794f2502349b6be5b9264fe978608aeafe9b22db)
2025-07-07 13:26:05.008+07:00 | BftProcessorExecutor-QBFT-0 | INFO  | QbftBesuControllerBuilder | Imported empty block #21,771 / 0 tx / 0 pending / 0 (0.0%) gas / (0xdb46c7fb42068eababbea536faa535ae49aab2f89a3f4bcf097634d3987f27d9)
2025-07-07 13:26:10.008+07:00 | BftProcessorExecutor-QBFT-0 | INFO  | QbftBesuControllerBuilder | Produced empty block #21,772 / 0 tx / 0 pending / 0 (0.0%) gas / (0xfd60a41a0330c24bc8aec6ba78c284b6d851d1b44b4e2572b2408389d74d2307)
2025-07-07 13:26:15.011+07:00 | BftProcessorExecutor-QBFT-0 | INFO  | QbftBesuControllerBuilder | Imported empty block #21,773 / 0 tx / 0 pending / 0 (0.0%) gas / (0x175bd4b70ad0f88a3345e3d923ee354cb669c47f9ea30dd2db9b312e99257afe)
2025-07-07 13:26:20.010+07:00 | BftProcessorExecutor-QBFT-0 | INFO  | QbftBesuControllerBuilder | Imported empty block #21,774 / 0 tx / 0 pending / 0 (0.0%) gas / (0x8deab585abfd3de9c9130e9224cd726fb2984b564aafcf5de9985890ae3f3273)
2025-07-07 13:26:25.010+07:00 | BftProcessorExecutor-QBFT-0 | INFO  | QbftBesuControllerBuilder | Imported empty block #21,775 / 0 tx / 0 pending / 0 (0.0%) gas / (0x6fde20a9aeb55cc27a52b4f120fa8449c177339c98a693db958a0950c13d8211)
2025-07-07 13:26:30.013+07:00 | BftProcessorExecutor-QBFT-0 | INFO  | QbftBesuControllerBuilder | Produced empty block #21,776 / 0 tx / 0 pending / 0 (0.0%) gas / (0xb6b4bcaf45d3097c98ad3cf786bcd0edf9f7c355835065114107fdddc5b8b8e0)
2025-07-07 13:26:35.029+07:00 | BftProcessorExecutor-QBFT-0 | INFO  | QbftBesuControllerBuilder | Imported empty block #21,777 / 0 tx / 0 pending / 0 (0.0%) gas / (0x003da4f8d168ba79535453f3df738df5f6ff2b41f537de5d48db33918bb5350d)
2025-07-07 13:26:40.036+07:00 | BftProcessorExecutor-QBFT-0 | INFO  | QbftBesuControllerBuilder | Imported empty block #21,778 / 0 tx / 0 pending / 0 (0.0%) gas / (0x273e3f846aaa8b122ddb3ca6e442a8c1524e662bfcf881974faef6b30bb73274)
2025-07-07 13:26:45.030+07:00 | BftProcessorExecutor-QBFT-0 | INFO  | QbftBesuControllerBuilder | Imported empty block #21,779 / 0 tx / 0 pending / 0 (0.0%) gas / (0x619bee7670e396c702bbae6a2149241e871a6bc35e54ced29043479505cd3fdb)
2025-07-07 13:26:50.029+07:00 | BftProcessorExecutor-QBFT-0 | INFO  | QbftBesuControllerBuilder | Produced empty block #21,780 / 0 tx / 0 pending / 0 (0.0%) gas / (0x60ada679dd74688066acc50f8b4ec078e4ff1e07b4a9558a2759a3d7ddf518c0)
2025-07-07 13:26:55.032+07:00 | BftProcessorExecutor-QBFT-0 | INFO  | QbftBesuControllerBuilder | Imported empty block #21,781 / 0 tx / 0 pending / 0 (0.0%) gas / (0xedc1ed4201facd1f04818f4761a29a2a692ed01fe567e6d2e7868648b3f43c7c)
2025-07-07 13:27:00.018+07:00 | BftProcessorExecutor-QBFT-0 | INFO  | QbftBesuControllerBuilder | Imported empty block #21,782 / 0 tx / 0 pending / 0 (0.0%) gas / (0xd85021b59a57740a143c85dac88d2f08ecab161389b30b9a464d30a05ae65e5f)
2025-07-07 13:27:05.009+07:00 | BftProcessorExecutor-QBFT-0 | INFO  | QbftBesuControllerBuilder | Imported empty block #21,783 / 0 tx / 0 pending / 0 (0.0%) gas / (0xff034dc00b1ae7927169883bc44a98c15b4ab65e86b646f49bbaef26ed4b0c54)
2025-07-07 13:27:10.032+07:00 | BftProcessorExecutor-QBFT-0 | INFO  | QbftBesuControllerBuilder | Produced empty block #21,784 / 0 tx / 0 pending / 0 (0.0%) gas / (0x0b7d736bc0c44272a304de425267f01804dbfd43654f98916137a844dbbc68e2)
2025-07-07 13:27:15.012+07:00 | BftProcessorExecutor-QBFT-0 | INFO  | QbftBesuControllerBuilder | Imported empty block #21,785 / 0 tx / 0 pending / 0 (0.0%) gas / (0x4f44b2d7b39875c370da996749d4e9f76ebdfc57337f0191b88b5d500c03c80e)
2025-07-07 13:27:20.019+07:00 | BftProcessorExecutor-QBFT-0 | INFO  | QbftBesuControllerBuilder | Imported empty block #21,786 / 0 tx / 0 pending / 0 (0.0%) gas / (0xfbcec550a2928a81b85aba1c0aa1a0620427e0d779ab0fead7a29d335b37ae37)
2025-07-07 13:27:25.028+07:00 | BftProcessorExecutor-QBFT-0 | INFO  | QbftBesuControllerBuilder | Imported empty block #21,787 / 0 tx / 0 pending / 0 (0.0%) gas / (0x0dc509fe7eedad4b5d321b64b651f80515cfb351890c5cc24041a24147a3fd09)
2025-07-07 13:27:30.029+07:00 | BftProcessorExecutor-QBFT-0 | INFO  | QbftBesuControllerBuilder | Produced empty block #21,788 / 0 tx / 0 pending / 0 (0.0%) gas / (0x00ee31da86a588947e4e079ebd966d601c5b1ee86b782fcff1462e86de8cebd3)
2025-07-07 13:27:35.025+07:00 | BftProcessorExecutor-QBFT-0 | INFO  | QbftBesuControllerBuilder | Imported empty block #21,789 / 0 tx / 0 pending / 0 (0.0%) gas / (0xdf0d748e3f3b38f32d110cc2f04e29f24017eb7cdf8d1298909425a96f4f287d)
2025-07-07 13:27:40.025+07:00 | BftProcessorExecutor-QBFT-0 | INFO  | QbftBesuControllerBuilder | Imported empty block #21,790 / 0 tx / 0 pending / 0 (0.0%) gas / (0xa09d555f542af3b0a7159ca4fdba1a2e7c953ddd8a2977252ea075c20d5cc0b9)
2025-07-07 13:27:45.009+07:00 | BftProcessorExecutor-QBFT-0 | INFO  | QbftBesuControllerBuilder | Imported empty block #21,791 / 0 tx / 0 pending / 0 (0.0%) gas / (0x4712a547f24dac3695a2932cc0c6a2c8927c849a9b33b1d71dfed99ed544079f)
2025-07-07 13:27:50.029+07:00 | BftProcessorExecutor-QBFT-0 | INFO  | QbftBesuControllerBuilder | Produced empty block #21,792 / 0 tx / 0 pending / 0 (0.0%) gas / (0x4966f7d366f39929eb554708c3eae895cdaf4246f9634d63b0a041003ebcd7f8)
2025-07-07 13:27:55.010+07:00 | BftProcessorExecutor-QBFT-0 | INFO  | QbftBesuControllerBuilder | Imported empty block #21,793 / 0 tx / 0 pending / 0 (0.0%) gas / (0x36ecc3e94ba3fe3639439a54e946ed666c61ebac285c9ead6c78fa0b744b6d8e)
2025-07-07 13:28:00.019+07:00 | BftProcessorExecutor-QBFT-0 | INFO  | QbftBesuControllerBuilder | Imported empty block #21,794 / 0 tx / 0 pending / 0 (0.0%) gas / (0x5d2d41c00b3f66ef8955ee7403d3426173df103480a6c1720f0d0727fc2c1d14)
2025-07-07 13:28:05.007+07:00 | BftProcessorExecutor-QBFT-0 | INFO  | QbftBesuControllerBuilder | Imported empty block #21,795 / 0 tx / 0 pending / 0 (0.0%) gas / (0xcce989ef9518eb17993bdb0f75221b031da5c457fc430367e99288d013f48182)
2025-07-07 13:28:10.029+07:00 | BftProcessorExecutor-QBFT-0 | INFO  | QbftBesuControllerBuilder | Produced empty block #21,796 / 0 tx / 0 pending / 0 (0.0%) gas / (0x9ee0baf63a4251e13a953c4975cdb10246b56b24a92456722e7017d3145b8d9e)
2025-07-07 13:28:15.030+07:00 | BftProcessorExecutor-QBFT-0 | INFO  | QbftBesuControllerBuilder | Imported empty block #21,797 / 0 tx / 0 pending / 0 (0.0%) gas / (0x81d21a12db454a7a4ac766203af27d57e14f8719b0fddb7bad2962cc54654da6)
2025-07-07 13:28:20.032+07:00 | BftProcessorExecutor-QBFT-0 | INFO  | QbftBesuControllerBuilder | Imported empty block #21,798 / 0 tx / 0 pending / 0 (0.0%) gas / (0x59348c1e4d4da7526a8b2f2b4b155c7d2c725114b80169905e3f856b0e82a674)
2025-07-07 13:28:25.009+07:00 | BftProcessorExecutor-QBFT-0 | INFO  | QbftBesuControllerBuilder | Imported empty block #21,799 / 0 tx / 0 pending / 0 (0.0%) gas / (0xb0425ba4f6ad1ab38baeff59b26e0ce2c3751b23d4fc2f9a502393ed0575324e)
2025-07-07 13:28:30.024+07:00 | BftProcessorExecutor-QBFT-0 | INFO  | QbftBesuControllerBuilder | Produced empty block #21,800 / 0 tx / 0 pending / 0 (0.0%) gas / (0xbb7afe41d9b921ec7e475ef717421306269dbe4710abd23f7b69636fa9c1926d)
2025-07-07 13:28:35.032+07:00 | BftProcessorExecutor-QBFT-0 | INFO  | QbftBesuControllerBuilder | Imported empty block #21,801 / 0 tx / 0 pending / 0 (0.0%) gas / (0x9701fba233907ce853147b2aae1f579b3a1aa849c9f41e5713beabb391ad4332)
2025-07-07 13:28:40.023+07:00 | BftProcessorExecutor-QBFT-0 | INFO  | QbftBesuControllerBuilder | Imported empty block #21,802 / 0 tx / 0 pending / 0 (0.0%) gas / (0xc5c112b030da9f4f382af97a8da663ac550e9077ab5fa0daaa5428d7b6fc58ad)
2025-07-07 13:28:45.021+07:00 | BftProcessorExecutor-QBFT-0 | INFO  | QbftBesuControllerBuilder | Imported empty block #21,803 / 0 tx / 0 pending / 0 (0.0%) gas / (0x3014328f95993a7212bc6541e5ad42daa435f8462fc7e6490e60ee14547d614f)
2025-07-07 13:28:50.028+07:00 | BftProcessorExecutor-QBFT-0 | INFO  | QbftBesuControllerBuilder | Produced empty block #21,804 / 0 tx / 0 pending / 0 (0.0%) gas / (0x19307e4a4a492e5e423d5d88065e505281cee5d553c314c3f695426efd234481)
2025-07-07 13:28:55.026+07:00 | BftProcessorExecutor-QBFT-0 | INFO  | QbftBesuControllerBuilder | Imported empty block #21,805 / 0 tx / 0 pending / 0 (0.0%) gas / (0x28fdb98a3110268e921e722949fbecc8ad2347b748f64a2e67793a03c5b66a6b)
2025-07-07 13:29:00.014+07:00 | BftProcessorExecutor-QBFT-0 | INFO  | QbftBesuControllerBuilder | Imported empty block #21,806 / 0 tx / 0 pending / 0 (0.0%) gas / (0x605f9c5d93fb128a2756836d643ff511e94d80f2e120f000f1714c5cee8cd395)
2025-07-07 13:29:05.009+07:00 | BftProcessorExecutor-QBFT-0 | INFO  | QbftBesuControllerBuilder | Imported empty block #21,807 / 0 tx / 0 pending / 0 (0.0%) gas / (0xbda31eb18a753fed171de7d8ce43fa703ca17269bc8b75e549115795ec669397)
2025-07-07 13:29:10.025+07:00 | BftProcessorExecutor-QBFT-0 | INFO  | QbftBesuControllerBuilder | Produced empty block #21,808 / 0 tx / 0 pending / 0 (0.0%) gas / (0x1a2eedefa981acf189972c7aaea0dd89a366aad1e2efefaa6df3d37261384c04)
2025-07-07 13:29:15.008+07:00 | BftProcessorExecutor-QBFT-0 | INFO  | QbftBesuControllerBuilder | Imported empty block #21,809 / 0 tx / 0 pending / 0 (0.0%) gas / (0xb28d0495dbe68368b5fe7ce321c6be0b5fb55b876b9317a4ca2206ad249dbe1f)
2025-07-07 13:29:20.032+07:00 | BftProcessorExecutor-QBFT-0 | INFO  | QbftBesuControllerBuilder | Imported empty block #21,810 / 0 tx / 0 pending / 0 (0.0%) gas / (0xf744e79f63911b6cb20f9f2773a55266a490f046d72f8d0dec1874d873a2a133)
2025-07-07 13:29:25.030+07:00 | BftProcessorExecutor-QBFT-0 | INFO  | QbftBesuControllerBuilder | Imported empty block #21,811 / 0 tx / 0 pending / 0 (0.0%) gas / (0x0d6023cbf5e277d36ade9a44c379e2868e2cf91c7787340af31c2eea41c6b6de)
2025-07-07 13:29:30.028+07:00 | BftProcessorExecutor-QBFT-0 | INFO  | QbftBesuControllerBuilder | Produced empty block #21,812 / 0 tx / 0 pending / 0 (0.0%) gas / (0x4a5d0bd6076298f51480a68a8475e86973f03df1d6051fe21e32076987eea585)
2025-07-07 13:29:35.026+07:00 | BftProcessorExecutor-QBFT-0 | INFO  | QbftBesuControllerBuilder | Imported empty block #21,813 / 0 tx / 0 pending / 0 (0.0%) gas / (0x21ffb21770985ff2b931debd7080ea028dc9c7e93b806bcf712be8d501c96295)
2025-07-07 13:29:40.025+07:00 | BftProcessorExecutor-QBFT-0 | INFO  | QbftBesuControllerBuilder | Imported empty block #21,814 / 0 tx / 0 pending / 0 (0.0%) gas / (0x6e4d09f6907ec3141103ebb8990076816c4332d77cc2769cb6ae9b33b248590e)
2025-07-07 13:29:45.026+07:00 | BftProcessorExecutor-QBFT-0 | INFO  | QbftBesuControllerBuilder | Imported empty block #21,815 / 0 tx / 0 pending / 0 (0.0%) gas / (0x913ae488f0e040e4e1f028e0717ea4fc82a4a4a2c5bf9304da07036620c836cf)
2025-07-07 13:29:50.024+07:00 | BftProcessorExecutor-QBFT-0 | INFO  | QbftBesuControllerBuilder | Produced empty block #21,816 / 0 tx / 0 pending / 0 (0.0%) gas / (0x5e9d5df194ea266c7b48e6e27244c2de8001f1bce3a8720a0dfd9c276fd8fbf0)
2025-07-07 13:29:55.012+07:00 | BftProcessorExecutor-QBFT-0 | INFO  | QbftBesuControllerBuilder | Imported empty block #21,817 / 0 tx / 0 pending / 0 (0.0%) gas / (0x05d63d29a919138634e78fc4878a2a8bd5c1e466da2c7e6815f964e9261597b3)
2025-07-07 13:30:00.011+07:00 | BftProcessorExecutor-QBFT-0 | INFO  | QbftBesuControllerBuilder | Imported empty block #21,818 / 0 tx / 0 pending / 0 (0.0%) gas / (0xd75c1b4c2a63ce4331913181e5be199db0672b843268d9275e302df938f299ee)
2025-07-07 13:30:05.028+07:00 | BftProcessorExecutor-QBFT-0 | INFO  | QbftBesuControllerBuilder | Imported empty block #21,819 / 0 tx / 0 pending / 0 (0.0%) gas / (0x17e5a616b8332a4429675b30a55530782014b3a235013338a34e930df81262f9)
2025-07-07 13:30:10.028+07:00 | BftProcessorExecutor-QBFT-0 | INFO  | QbftBesuControllerBuilder | Produced empty block #21,820 / 0 tx / 0 pending / 0 (0.0%) gas / (0x9ef74a1afdb179aa673d75c37f559eb092eceed12795aa6de6d80b75b3bb7287)
2025-07-07 13:30:15.029+07:00 | BftProcessorExecutor-QBFT-0 | INFO  | QbftBesuControllerBuilder | Imported empty block #21,821 / 0 tx / 0 pending / 0 (0.0%) gas / (0xdcb429c213e286a274faf21d20bffea35c98584a4d73bb627ad0c494b1f8686b)
2025-07-07 13:30:20.016+07:00 | BftProcessorExecutor-QBFT-0 | INFO  | QbftBesuControllerBuilder | Imported empty block #21,822 / 0 tx / 0 pending / 0 (0.0%) gas / (0xa8657c73db79f365d09cd3a1cbd5ec5839b5ba73bad33e04af81baec1049ec1d)
2025-07-07 13:30:25.018+07:00 | BftProcessorExecutor-QBFT-0 | INFO  | QbftBesuControllerBuilder | Imported empty block #21,823 / 0 tx / 0 pending / 0 (0.0%) gas / (0x266453fde3fb430ed7d7e4fdbdc06563dc54d5d699f787453ab122c658ab17bb)
2025-07-07 13:30:30.017+07:00 | BftProcessorExecutor-QBFT-0 | INFO  | QbftBesuControllerBuilder | Produced empty block #21,824 / 0 tx / 0 pending / 0 (0.0%) gas / (0xc9c7ede6af42fa51c3456e2238984395796cfba9856cdf2d952d863c6af8d615)
2025-07-07 13:30:35.010+07:00 | EthScheduler-Workers-0 | INFO  | PersistBlockTask | Imported empty block #21,825 / 0 tx / 0 om / 0 (0.0%) gas / (0x06ca04b2b0117deea763d73ad2490f502b8a0e53288f4b754477c20b9b174703) in 0.000s. Peers: 3
2025-07-07 13:30:40.008+07:00 | BftProcessorExecutor-QBFT-0 | INFO  | QbftBesuControllerBuilder | Imported empty block #21,826 / 0 tx / 0 pending / 0 (0.0%) gas / (0xf6185ccea9ea76424e9fd3d984b715017702079f70d3cf6db41616c5d9c52345)
2025-07-07 13:30:45.016+07:00 | EthScheduler-Workers-0 | INFO  | PersistBlockTask | Block 21827 (0xb40c58f0d45898b18bc6623603237da7315dfecb77a74e999d0e14306c9cb5ca) is already imported
2025-07-07 13:30:45.016+07:00 | BftProcessorExecutor-QBFT-0 | INFO  | QbftBesuControllerBuilder | Imported empty block #21,827 / 0 tx / 0 pending / 0 (0.0%) gas / (0xb40c58f0d45898b18bc6623603237da7315dfecb77a74e999d0e14306c9cb5ca)
2025-07-07 13:30:50.009+07:00 | BftProcessorExecutor-QBFT-0 | INFO  | QbftBesuControllerBuilder | Produced empty block #21,828 / 0 tx / 0 pending / 0 (0.0%) gas / (0xf4ca370ace3172b94727c086749e65f462ee4d388b655c4604dbe9f0bd884675)
2025-07-07 13:30:55.028+07:00 | EthScheduler-Workers-0 | INFO  | PersistBlockTask | Block 21829 (0xc84aa8cd77e5107adc5858551891d71b2aac890b63fdc1ad72839a398bf60fa7) is already imported
2025-07-07 13:30:55.028+07:00 | BftProcessorExecutor-QBFT-0 | INFO  | QbftBesuControllerBuilder | Imported empty block #21,829 / 0 tx / 0 pending / 0 (0.0%) gas / (0xc84aa8cd77e5107adc5858551891d71b2aac890b63fdc1ad72839a398bf60fa7)
2025-07-07 13:31:00.033+07:00 | BftProcessorExecutor-QBFT-0 | INFO  | QbftBesuControllerBuilder | Imported empty block #21,830 / 0 tx / 0 pending / 0 (0.0%) gas / (0x848377378f64cd861b6f6ce3d3c74afa822b614436e418ddc1d377d548a353a8)
2025-07-07 13:31:05.027+07:00 | BftProcessorExecutor-QBFT-0 | INFO  | QbftBesuControllerBuilder | Imported empty block #21,831 / 0 tx / 0 pending / 0 (0.0%) gas / (0xa18a8c6db9309d5ada4fcc50282b037712342d116fa319543a5484cf740ceff8)
2025-07-07 13:31:10.024+07:00 | BftProcessorExecutor-QBFT-0 | INFO  | QbftBesuControllerBuilder | Produced empty block #21,832 / 0 tx / 0 pending / 0 (0.0%) gas / (0x62152ad7c4e38875452578e1f942b71a6564ff3f49076ea7d8cbf8108f51fdf6)
2025-07-07 13:31:15.010+07:00 | BftProcessorExecutor-QBFT-0 | INFO  | QbftBesuControllerBuilder | Imported empty block #21,833 / 0 tx / 0 pending / 0 (0.0%) gas / (0xd0b23306d2c4397a80d35ea51c0fc02fc1d1779e96c2c53746bee93de99d54ac)
2025-07-07 13:31:20.027+07:00 | EthScheduler-Workers-0 | INFO  | PersistBlockTask | Block 21834 (0x57cee988c16eed5ae3b1fcd751a1ef411a52cebb310ce6e7e29a99f1fdb926bc) is already imported
2025-07-07 13:31:20.028+07:00 | BftProcessorExecutor-QBFT-0 | INFO  | QbftBesuControllerBuilder | Imported empty block #21,834 / 0 tx / 0 pending / 0 (0.0%) gas / (0x57cee988c16eed5ae3b1fcd751a1ef411a52cebb310ce6e7e29a99f1fdb926bc)
2025-07-07 13:31:25.011+07:00 | BftProcessorExecutor-QBFT-0 | INFO  | QbftBesuControllerBuilder | Imported empty block #21,835 / 0 tx / 0 pending / 0 (0.0%) gas / (0x6c1af12bb19c62554196bb3456d445633c9cc1a39a0610c9385e76be89477001)
2025-07-07 13:31:30.026+07:00 | BftProcessorExecutor-QBFT-0 | INFO  | QbftBesuControllerBuilder | Produced empty block #21,836 / 0 tx / 0 pending / 0 (0.0%) gas / (0x1c22ccf87834712b809ea9d7aee581970c1035054d6b9ab0b09fc0777497cf36)
2025-07-07 13:31:35.010+07:00 | BftProcessorExecutor-QBFT-0 | INFO  | QbftBesuControllerBuilder | Imported empty block #21,837 / 0 tx / 0 pending / 0 (0.0%) gas / (0xd25a24c336df6c3014e7cb2543940123ab90e9bc27f0ade773651795e1a70868)
2025-07-07 13:31:40.012+07:00 | BftProcessorExecutor-QBFT-0 | INFO  | QbftBesuControllerBuilder | Imported empty block #21,838 / 0 tx / 0 pending / 0 (0.0%) gas / (0x36903d3d35f9a7d147d84cbac73eb09e939a25495321ceae0569d25aa36df909)
2025-07-07 13:31:45.025+07:00 | BftProcessorExecutor-QBFT-0 | INFO  | QbftBesuControllerBuilder | Imported empty block #21,839 / 0 tx / 0 pending / 0 (0.0%) gas / (0x8154f9590c9af468fc104379f8b24eebdb33d790e13ca514a0b97c159d870a6b)
2025-07-07 13:31:50.012+07:00 | BftProcessorExecutor-QBFT-0 | INFO  | QbftBesuControllerBuilder | Produced empty block #21,840 / 0 tx / 0 pending / 0 (0.0%) gas / (0xf28592ddf73b113364ed20fdec2f21a557e0cac07682549f6c1a631ad011ca82)
2025-07-07 13:31:55.028+07:00 | BftProcessorExecutor-QBFT-0 | INFO  | QbftBesuControllerBuilder | Imported empty block #21,841 / 0 tx / 0 pending / 0 (0.0%) gas / (0x9621c2d8ee211c2581e10b72c36668de22cadabe305ef480639f701fe1d421f3)
2025-07-07 13:32:00.014+07:00 | BftProcessorExecutor-QBFT-0 | INFO  | QbftBesuControllerBuilder | Imported empty block #21,842 / 0 tx / 0 pending / 0 (0.0%) gas / (0x5f9e774be53261c09290ca665ea500b8254997baf3b966869690b1556c561c6b)
2025-07-07 13:32:05.008+07:00 | BftProcessorExecutor-QBFT-0 | INFO  | QbftBesuControllerBuilder | Imported empty block #21,843 / 0 tx / 0 pending / 0 (0.0%) gas / (0x779dfbf8166469ca28d86f00cccafbc2faadaa2017540a2a0190de4f57cd7297)
2025-07-07 13:32:10.027+07:00 | BftProcessorExecutor-QBFT-0 | INFO  | QbftBesuControllerBuilder | Produced empty block #21,844 / 0 tx / 0 pending / 0 (0.0%) gas / (0xbc93394bfc08a5bf9062437ec988cc7045b7086d3da51eda00e24fd739d7183b)
2025-07-07 13:32:15.027+07:00 | BftProcessorExecutor-QBFT-0 | INFO  | QbftBesuControllerBuilder | Imported empty block #21,845 / 0 tx / 0 pending / 0 (0.0%) gas / (0xc5708c50408c6082741954e39591da41edd3a223375c45664d7d8468bd0fe7cb)
2025-07-07 13:32:20.012+07:00 | BftProcessorExecutor-QBFT-0 | INFO  | QbftBesuControllerBuilder | Imported empty block #21,846 / 0 tx / 0 pending / 0 (0.0%) gas / (0x5541f2aff537b73954fca0a7a0c7112f35d267a8c8e4a51cae6bb4e5f2206ba9)
2025-07-07 13:32:25.016+07:00 | BftProcessorExecutor-QBFT-0 | INFO  | QbftBesuControllerBuilder | Imported empty block #21,847 / 0 tx / 0 pending / 0 (0.0%) gas / (0xd48f98505004bcd5d09c349dc3e3ac4e3ab0460d288785e8525bbf9c36d11cc4)
2025-07-07 13:32:30.013+07:00 | BftProcessorExecutor-QBFT-0 | INFO  | QbftBesuControllerBuilder | Produced empty block #21,848 / 0 tx / 0 pending / 0 (0.0%) gas / (0xd225e83c823a778345e80b867e95570c1a53e92d82cf8f83d5c125de82ccda5a)
2025-07-07 13:32:35.030+07:00 | EthScheduler-Workers-0 | INFO  | PersistBlockTask | Block 21849 (0xcee8e14c852c8237a20a35fad93785eeac8034208ebabed5a2635b8ec3999368) is already imported
2025-07-07 13:32:35.030+07:00 | BftProcessorExecutor-QBFT-0 | INFO  | QbftBesuControllerBuilder | Imported empty block #21,849 / 0 tx / 0 pending / 0 (0.0%) gas / (0xcee8e14c852c8237a20a35fad93785eeac8034208ebabed5a2635b8ec3999368)
2025-07-07 13:32:40.028+07:00 | EthScheduler-Workers-0 | INFO  | PersistBlockTask | Block 21850 (0x774019bf5cc5e88801c13062846ef7c498c0e73a034b40870066be534f977954) is already imported
2025-07-07 13:32:40.029+07:00 | BftProcessorExecutor-QBFT-0 | INFO  | QbftBesuControllerBuilder | Imported empty block #21,850 / 0 tx / 0 pending / 0 (0.0%) gas / (0x774019bf5cc5e88801c13062846ef7c498c0e73a034b40870066be534f977954)
2025-07-07 13:32:45.013+07:00 | BftProcessorExecutor-QBFT-0 | INFO  | QbftBesuControllerBuilder | Imported empty block #21,851 / 0 tx / 0 pending / 0 (0.0%) gas / (0x714be5af9257158505b8b01aebc2e0387dde6c0d0ffa2f671068cf60fea43b6e)
2025-07-07 13:32:50.012+07:00 | BftProcessorExecutor-QBFT-0 | INFO  | QbftBesuControllerBuilder | Produced empty block #21,852 / 0 tx / 0 pending / 0 (0.0%) gas / (0xb1dd16e17f3e9b24f2240a0879d736b6ac2b3de667a98c2949c9f2dfa394dcd4)
2025-07-07 13:32:55.017+07:00 | BftProcessorExecutor-QBFT-0 | INFO  | QbftBesuControllerBuilder | Imported empty block #21,853 / 0 tx / 0 pending / 0 (0.0%) gas / (0x5433cdee787cbe31e8f04f13a1a66ba8d33489ab1c0cddffa6fd85a25e710df0)
2025-07-07 13:33:00.011+07:00 | BftProcessorExecutor-QBFT-0 | INFO  | QbftBesuControllerBuilder | Imported empty block #21,854 / 0 tx / 0 pending / 0 (0.0%) gas / (0x1691929e52cfc60da3ceb1255b7a47c768c2aab1a1bb6cef7ae1ede35a3d0dbb)
2025-07-07 13:33:05.009+07:00 | BftProcessorExecutor-QBFT-0 | INFO  | QbftBesuControllerBuilder | Imported empty block #21,855 / 0 tx / 0 pending / 0 (0.0%) gas / (0x92ecf6f6c04db81fdf1b460a2a0b0ccd64e64949233101dc251bcfc863ed08e6)
2025-07-07 13:33:10.025+07:00 | BftProcessorExecutor-QBFT-0 | INFO  | QbftBesuControllerBuilder | Produced empty block #21,856 / 0 tx / 0 pending / 0 (0.0%) gas / (0x408b043ceaff8605319fd9b2459e76b5abd122e2057ddd83435a228ef5196b3b)
2025-07-07 13:33:15.026+07:00 | BftProcessorExecutor-QBFT-0 | INFO  | QbftBesuControllerBuilder | Imported empty block #21,857 / 0 tx / 0 pending / 0 (0.0%) gas / (0x578e00e7418c81fbef1420a14633ec9b5709e61b7c77066c4b209a0152f87847)
2025-07-07 13:33:20.027+07:00 | BftProcessorExecutor-QBFT-0 | INFO  | QbftBesuControllerBuilder | Imported empty block #21,858 / 0 tx / 0 pending / 0 (0.0%) gas / (0xcea05cf5735950832c1ccb1eef3d1d932335bce3959128ee2ba96771a6302089)
2025-07-07 13:33:25.028+07:00 | BftProcessorExecutor-QBFT-0 | INFO  | QbftBesuControllerBuilder | Imported empty block #21,859 / 0 tx / 0 pending / 0 (0.0%) gas / (0xafba88ad5843babce02909c07c807ae3957f213edfcf14a6892bc0accf059448)
2025-07-07 13:33:30.026+07:00 | BftProcessorExecutor-QBFT-0 | INFO  | QbftBesuControllerBuilder | Produced empty block #21,860 / 0 tx / 0 pending / 0 (0.0%) gas / (0xb6d786b1863647f9505dfb0c70199d6713c5147b423e208887077a7d851a79be)
2025-07-07 13:33:35.007+07:00 | BftProcessorExecutor-QBFT-0 | INFO  | QbftBesuControllerBuilder | Imported empty block #21,861 / 0 tx / 0 pending / 0 (0.0%) gas / (0x9a3f20a38f8c6c54407a2c91787440b4536c6593c209cb03f0ffc6bc5944d39b)
2025-07-07 13:33:40.024+07:00 | BftProcessorExecutor-QBFT-0 | INFO  | QbftBesuControllerBuilder | Imported empty block #21,862 / 0 tx / 0 pending / 0 (0.0%) gas / (0x82650ef06a7d1ce64a74e539ca9b6f2f4a5ea4500f964910f6c508b890e4c098)
2025-07-07 13:33:45.027+07:00 | BftProcessorExecutor-QBFT-0 | INFO  | QbftBesuControllerBuilder | Imported empty block #21,863 / 0 tx / 0 pending / 0 (0.0%) gas / (0x3d7f21c61688ec2bf03d302491da9520cb8b3d3d0efbdb824d7c5905611a90ed)
2025-07-07 13:33:50.008+07:00 | BftProcessorExecutor-QBFT-0 | INFO  | QbftBesuControllerBuilder | Produced empty block #21,864 / 0 tx / 0 pending / 0 (0.0%) gas / (0xc12f269256e9204dd456537a39bba8eefe1d6aa76ea31e87290e3caaf7f30ee5)
2025-07-07 13:33:55.031+07:00 | BftProcessorExecutor-QBFT-0 | INFO  | QbftBesuControllerBuilder | Imported empty block #21,865 / 0 tx / 0 pending / 0 (0.0%) gas / (0x1fb6a6cc40a2a1c2c27aaf57cdac2f0e1d40d57990bf8122083fe52db1048de8)
2025-07-07 13:34:00.020+07:00 | BftProcessorExecutor-QBFT-0 | INFO  | QbftBesuControllerBuilder | Imported empty block #21,866 / 0 tx / 0 pending / 0 (0.0%) gas / (0xe0fd9048e2b927963383318a1659b4085634018ccfa75a708b626446c047b8b5)
2025-07-07 13:34:05.016+07:00 | BftProcessorExecutor-QBFT-0 | INFO  | QbftBesuControllerBuilder | Imported empty block #21,867 / 0 tx / 0 pending / 0 (0.0%) gas / (0xaa3a18add5562b56dfe5ef34458d8d3b926f979e30ff2f3c6efe873f3dd9a8c5)
2025-07-07 13:34:10.020+07:00 | BftProcessorExecutor-QBFT-0 | INFO  | QbftBesuControllerBuilder | Produced empty block #21,868 / 0 tx / 0 pending / 0 (0.0%) gas / (0xd2cd79ba449bba79eaa246b36e82411e3b76a493524395aec3fc6d67aead5db8)
