
up to date, audited 1059 packages in 13s

238 packages are looking for funding
  run `npm fund` for details

40 vulnerabilities (6 low, 18 moderate, 13 high, 3 critical)

To address issues that do not require attention, run:
  npm audit fix

To address all issues possible (including breaking changes), run:
  npm audit fix --force

Some issues need review, and may require choosing
a different dependency.

Run `npm audit` for details.

> quorum-explorer-next@0.2.4 dev
> next dev -p 25000

 тип Failed to start server
Error: listen EADDRINUSE: address already in use :::25000
    at Server.setupListenHandle [as _listen2] (node:net:1907:16)
    at listenInCluster (node:net:1964:12)
    at Server.listen (node:net:2066:7)
    at /home/daffa/Documents/tesis-emisi-karbon/QBFT-Network/quorum-explorer/node_modules/next/dist/server/lib/start-server.js:252:16
    at new Promise (<anonymous>)
    at startServer (/home/daffa/Documents/tesis-emisi-karbon/QBFT-Network/quorum-explorer/node_modules/next/dist/server/lib/start-server.js:189:11)
    at process.<anonymous> (/home/daffa/Documents/tesis-emisi-karbon/QBFT-Network/quorum-explorer/node_modules/next/dist/server/lib/start-server.js:275:19)
    at process.emit (node:events:518:28)
    at emit (node:internal/child_process:950:14)
    at process.processTicksAndRejections (node:internal/process/task_queues:91:21) {
  code: 'EADDRINUSE',
  errno: -98,
  syscall: 'listen',
  address: '::',
  port: 25000
}
[?25h
